  [4;36;1mSQL (0.2ms)[0m   [0;1mSET SQL_AUTO_IS_NULL=0[0m


Processing Rails::InfoController#properties (for 127.0.0.1 at 2010-04-16 09:56:33) [GET]
  [4;35;1mSQL (0.5ms)[0m   [0mSHOW TABLES[0m
Completed in 38ms (View: 4, DB: 1) | 200 OK [http://localhost/rails/info/properties]
  [4;36;1mSQL (0.1ms)[0m   [0;1mSET SQL_AUTO_IS_NULL=0[0m


Processing ApplicationController#index (for 127.0.0.1 at 2010-04-16 09:56:42) [GET]

ActionController::UnknownAction (No action responded to index. Actions: ):
  /usr/lib/ruby/1.8/webrick/httpserver.rb:104:in `service'
  /usr/lib/ruby/1.8/webrick/httpserver.rb:65:in `run'
  /usr/lib/ruby/1.8/webrick/server.rb:173:in `start_thread'
  /usr/lib/ruby/1.8/webrick/server.rb:162:in `start'
  /usr/lib/ruby/1.8/webrick/server.rb:162:in `start_thread'
  /usr/lib/ruby/1.8/webrick/server.rb:95:in `start'
  /usr/lib/ruby/1.8/webrick/server.rb:92:in `each'
  /usr/lib/ruby/1.8/webrick/server.rb:92:in `start'
  /usr/lib/ruby/1.8/webrick/server.rb:23:in `start'
  /usr/lib/ruby/1.8/webrick/server.rb:82:in `start'

Rendering rescues/layout (not_found)
  [4;35;1mSQL (0.2ms)[0m   [0mSET SQL_AUTO_IS_NULL=0[0m


Processing ApplicationController#index (for 127.0.0.1 at 2010-04-16 09:58:32) [GET]

ActionController::RoutingError (No route matches "/activations" with {:method=>:get}):
  /usr/lib/ruby/1.8/webrick/httpserver.rb:104:in `service'
  /usr/lib/ruby/1.8/webrick/httpserver.rb:65:in `run'
  /usr/lib/ruby/1.8/webrick/server.rb:173:in `start_thread'
  /usr/lib/ruby/1.8/webrick/server.rb:162:in `start'
  /usr/lib/ruby/1.8/webrick/server.rb:162:in `start_thread'
  /usr/lib/ruby/1.8/webrick/server.rb:95:in `start'
  /usr/lib/ruby/1.8/webrick/server.rb:92:in `each'
  /usr/lib/ruby/1.8/webrick/server.rb:92:in `start'
  /usr/lib/ruby/1.8/webrick/server.rb:23:in `start'
  /usr/lib/ruby/1.8/webrick/server.rb:82:in `start'

Rendering rescues/layout (not_found)
  [4;36;1mSQL (0.1ms)[0m   [0;1mSET SQL_AUTO_IS_NULL=0[0m


Processing ApplicationController#index (for 127.0.0.1 at 2010-04-16 09:59:03) [GET]

ActionController::RoutingError (No route matches "/activations" with {:method=>:get}):
  /usr/lib/ruby/1.8/webrick/httpserver.rb:104:in `service'
  /usr/lib/ruby/1.8/webrick/httpserver.rb:65:in `run'
  /usr/lib/ruby/1.8/webrick/server.rb:173:in `start_thread'
  /usr/lib/ruby/1.8/webrick/server.rb:162:in `start'
  /usr/lib/ruby/1.8/webrick/server.rb:162:in `start_thread'
  /usr/lib/ruby/1.8/webrick/server.rb:95:in `start'
  /usr/lib/ruby/1.8/webrick/server.rb:92:in `each'
  /usr/lib/ruby/1.8/webrick/server.rb:92:in `start'
  /usr/lib/ruby/1.8/webrick/server.rb:23:in `start'
  /usr/lib/ruby/1.8/webrick/server.rb:82:in `start'

Rendering rescues/layout (not_found)
  [4;35;1mSQL (0.2ms)[0m   [0mSET SQL_AUTO_IS_NULL=0[0m


Processing ApplicationController#index (for 127.0.0.1 at 2010-04-16 09:59:43) [GET]

ActionController::RoutingError (No route matches "/activations" with {:method=>:get}):
  /usr/lib/ruby/1.8/webrick/httpserver.rb:104:in `service'
  /usr/lib/ruby/1.8/webrick/httpserver.rb:65:in `run'
  /usr/lib/ruby/1.8/webrick/server.rb:173:in `start_thread'
  /usr/lib/ruby/1.8/webrick/server.rb:162:in `start'
  /usr/lib/ruby/1.8/webrick/server.rb:162:in `start_thread'
  /usr/lib/ruby/1.8/webrick/server.rb:95:in `start'
  /usr/lib/ruby/1.8/webrick/server.rb:92:in `each'
  /usr/lib/ruby/1.8/webrick/server.rb:92:in `start'
  /usr/lib/ruby/1.8/webrick/server.rb:23:in `start'
  /usr/lib/ruby/1.8/webrick/server.rb:82:in `start'

Rendering rescues/layout (not_found)
  [4;36;1mSQL (0.2ms)[0m   [0;1mSET SQL_AUTO_IS_NULL=0[0m


Processing ApplicationController#index (for 127.0.0.1 at 2010-04-16 09:59:44) [GET]

ActionController::RoutingError (No route matches "/activations" with {:method=>:get}):
  /usr/lib/ruby/1.8/webrick/httpserver.rb:104:in `service'
  /usr/lib/ruby/1.8/webrick/httpserver.rb:65:in `run'
  /usr/lib/ruby/1.8/webrick/server.rb:173:in `start_thread'
  /usr/lib/ruby/1.8/webrick/server.rb:162:in `start'
  /usr/lib/ruby/1.8/webrick/server.rb:162:in `start_thread'
  /usr/lib/ruby/1.8/webrick/server.rb:95:in `start'
  /usr/lib/ruby/1.8/webrick/server.rb:92:in `each'
  /usr/lib/ruby/1.8/webrick/server.rb:92:in `start'
  /usr/lib/ruby/1.8/webrick/server.rb:23:in `start'
  /usr/lib/ruby/1.8/webrick/server.rb:82:in `start'

Rendering rescues/layout (not_found)
  [4;35;1mSQL (0.2ms)[0m   [0mSET SQL_AUTO_IS_NULL=0[0m


Processing ApplicationController#index (for 127.0.0.1 at 2010-04-16 10:04:49) [GET]

ActionController::RoutingError (No route matches "/activations" with {:method=>:get}):
  /usr/lib/ruby/1.8/webrick/httpserver.rb:104:in `service'
  /usr/lib/ruby/1.8/webrick/httpserver.rb:65:in `run'
  /usr/lib/ruby/1.8/webrick/server.rb:173:in `start_thread'
  /usr/lib/ruby/1.8/webrick/server.rb:162:in `start'
  /usr/lib/ruby/1.8/webrick/server.rb:162:in `start_thread'
  /usr/lib/ruby/1.8/webrick/server.rb:95:in `start'
  /usr/lib/ruby/1.8/webrick/server.rb:92:in `each'
  /usr/lib/ruby/1.8/webrick/server.rb:92:in `start'
  /usr/lib/ruby/1.8/webrick/server.rb:23:in `start'
  /usr/lib/ruby/1.8/webrick/server.rb:82:in `start'

Rendering rescues/layout (not_found)
  [4;36;1mSQL (0.2ms)[0m   [0;1mSET SQL_AUTO_IS_NULL=0[0m


Processing ApplicationController#index (for 127.0.0.1 at 2010-04-16 10:04:51) [GET]

ActionController::RoutingError (No route matches "/activations" with {:method=>:get}):
  /usr/lib/ruby/1.8/webrick/httpserver.rb:104:in `service'
  /usr/lib/ruby/1.8/webrick/httpserver.rb:65:in `run'
  /usr/lib/ruby/1.8/webrick/server.rb:173:in `start_thread'
  /usr/lib/ruby/1.8/webrick/server.rb:162:in `start'
  /usr/lib/ruby/1.8/webrick/server.rb:162:in `start_thread'
  /usr/lib/ruby/1.8/webrick/server.rb:95:in `start'
  /usr/lib/ruby/1.8/webrick/server.rb:92:in `each'
  /usr/lib/ruby/1.8/webrick/server.rb:92:in `start'
  /usr/lib/ruby/1.8/webrick/server.rb:23:in `start'
  /usr/lib/ruby/1.8/webrick/server.rb:82:in `start'

Rendering rescues/layout (not_found)
  [4;35;1mSQL (0.1ms)[0m   [0mSET SQL_AUTO_IS_NULL=0[0m


Processing ApplicationController#index (for 127.0.0.1 at 2010-04-16 10:04:53) [GET]

ActionController::RoutingError (No route matches "/activation" with {:method=>:get}):
  /usr/lib/ruby/1.8/webrick/httpserver.rb:104:in `service'
  /usr/lib/ruby/1.8/webrick/httpserver.rb:65:in `run'
  /usr/lib/ruby/1.8/webrick/server.rb:173:in `start_thread'
  /usr/lib/ruby/1.8/webrick/server.rb:162:in `start'
  /usr/lib/ruby/1.8/webrick/server.rb:162:in `start_thread'
  /usr/lib/ruby/1.8/webrick/server.rb:95:in `start'
  /usr/lib/ruby/1.8/webrick/server.rb:92:in `each'
  /usr/lib/ruby/1.8/webrick/server.rb:92:in `start'
  /usr/lib/ruby/1.8/webrick/server.rb:23:in `start'
  /usr/lib/ruby/1.8/webrick/server.rb:82:in `start'

Rendering rescues/layout (not_found)
  [4;36;1mSQL (0.1ms)[0m   [0;1mSET SQL_AUTO_IS_NULL=0[0m


Processing ApplicationController#index (for 127.0.0.1 at 2010-04-16 10:04:56) [GET]

ActionController::RoutingError (No route matches "/activation/index" with {:method=>:get}):
  /usr/lib/ruby/1.8/webrick/httpserver.rb:104:in `service'
  /usr/lib/ruby/1.8/webrick/httpserver.rb:65:in `run'
  /usr/lib/ruby/1.8/webrick/server.rb:173:in `start_thread'
  /usr/lib/ruby/1.8/webrick/server.rb:162:in `start'
  /usr/lib/ruby/1.8/webrick/server.rb:162:in `start_thread'
  /usr/lib/ruby/1.8/webrick/server.rb:95:in `start'
  /usr/lib/ruby/1.8/webrick/server.rb:92:in `each'
  /usr/lib/ruby/1.8/webrick/server.rb:92:in `start'
  /usr/lib/ruby/1.8/webrick/server.rb:23:in `start'
  /usr/lib/ruby/1.8/webrick/server.rb:82:in `start'

Rendering rescues/layout (not_found)
  [4;36;1mSQL (0.1ms)[0m   [0;1mSET SQL_AUTO_IS_NULL=0[0m


Processing ActivationController#index (for 127.0.0.1 at 2010-04-16 10:05:11) [GET]
Rendering app\views\activation\new.html.erb

ActionView::MissingTemplate (Missing template app\views\activation\new.html.erb in view path app/views):
  app/controllers/activation_controller.rb:4:in `index'
  /usr/lib/ruby/1.8/webrick/httpserver.rb:104:in `service'
  /usr/lib/ruby/1.8/webrick/httpserver.rb:65:in `run'
  /usr/lib/ruby/1.8/webrick/server.rb:173:in `start_thread'
  /usr/lib/ruby/1.8/webrick/server.rb:162:in `start'
  /usr/lib/ruby/1.8/webrick/server.rb:162:in `start_thread'
  /usr/lib/ruby/1.8/webrick/server.rb:95:in `start'
  /usr/lib/ruby/1.8/webrick/server.rb:92:in `each'
  /usr/lib/ruby/1.8/webrick/server.rb:92:in `start'
  /usr/lib/ruby/1.8/webrick/server.rb:23:in `start'
  /usr/lib/ruby/1.8/webrick/server.rb:82:in `start'

Rendering rescues/layout (internal_server_error)
  [4;35;1mSQL (0.2ms)[0m   [0mSET SQL_AUTO_IS_NULL=0[0m


Processing ActivationController#index (for 127.0.0.1 at 2010-04-16 10:06:55) [GET]
Rendering app/views/activation/new.html.erb

ActionView::TemplateError (undefined method `start_form_tag' for #<ActionView::Base:0x7f8636680da8>) on line #3 of app/views/activation/new.html.erb:
1: <h1>File Upload</h1>
2: <%= start_form_tag ({:action => 'uploadFile'}, 
3:                         :multipart => true) %>
4: <p><label for="upload_file">Select File</label> : 
5: <%= file_field 'upload', 'datafile' %></p>
6: <%= submit_tag "Upload" %>

    app/views/activation/new.html.erb:3
    app/controllers/activation_controller.rb:4:in `index'
    /usr/lib/ruby/1.8/webrick/httpserver.rb:104:in `service'
    /usr/lib/ruby/1.8/webrick/httpserver.rb:65:in `run'
    /usr/lib/ruby/1.8/webrick/server.rb:173:in `start_thread'
    /usr/lib/ruby/1.8/webrick/server.rb:162:in `start'
    /usr/lib/ruby/1.8/webrick/server.rb:162:in `start_thread'
    /usr/lib/ruby/1.8/webrick/server.rb:95:in `start'
    /usr/lib/ruby/1.8/webrick/server.rb:92:in `each'
    /usr/lib/ruby/1.8/webrick/server.rb:92:in `start'
    /usr/lib/ruby/1.8/webrick/server.rb:23:in `start'
    /usr/lib/ruby/1.8/webrick/server.rb:82:in `start'

Rendered rescues/_trace (41.7ms)
Rendered rescues/_request_and_response (1.2ms)
Rendering rescues/layout (internal_server_error)
  [4;36;1mSQL (0.2ms)[0m   [0;1mSET SQL_AUTO_IS_NULL=0[0m


Processing ActivationController#index (for 127.0.0.1 at 2010-04-16 10:22:27) [GET]
Rendering app/views/activation/new.html.erb

ActionView::TemplateError (undefined method `start_form_tag' for #<ActionView::Base:0x7f8637c9d550>) on line #3 of app/views/activation/new.html.erb:
1: <% form_for(:photo, :url => {:action=>'create'}, :html=> {:multipart=>true}) do |form| %>
2: <%= form.file_field :image_file %> 
3: <%= form.text_field :description %>

    app/views/activation/new.html.erb:3
    app/controllers/activation_controller.rb:4:in `index'
    /usr/lib/ruby/1.8/webrick/httpserver.rb:104:in `service'
    /usr/lib/ruby/1.8/webrick/httpserver.rb:65:in `run'
    /usr/lib/ruby/1.8/webrick/server.rb:173:in `start_thread'
    /usr/lib/ruby/1.8/webrick/server.rb:162:in `start'
    /usr/lib/ruby/1.8/webrick/server.rb:162:in `start_thread'
    /usr/lib/ruby/1.8/webrick/server.rb:95:in `start'
    /usr/lib/ruby/1.8/webrick/server.rb:92:in `each'
    /usr/lib/ruby/1.8/webrick/server.rb:92:in `start'
    /usr/lib/ruby/1.8/webrick/server.rb:23:in `start'
    /usr/lib/ruby/1.8/webrick/server.rb:82:in `start'

Rendered rescues/_trace (107.7ms)
Rendered rescues/_request_and_response (0.3ms)
Rendering rescues/layout (internal_server_error)
  [4;35;1mSQL (0.2ms)[0m   [0mSET SQL_AUTO_IS_NULL=0[0m


Processing ActivationController#index (for 127.0.0.1 at 2010-04-16 10:26:55) [GET]
Rendering app/views/activation/new.html.erb

ActionView::TemplateError (undefined method `start_form_tag' for #<ActionView::Base:0x7f86363e8898>) on line #3 of app/views/activation/new.html.erb:
1: <% form_tag(search_path, :method => "get") do %>
2: <%= label_tag(:q, "Search for:") %>
3: <%= text_field_tag(:q) %>  <%= submit_tag("Search") %>
4: <% end %> 

    app/views/activation/new.html.erb:3
    app/controllers/activation_controller.rb:4:in `index'
    /usr/lib/ruby/1.8/webrick/httpserver.rb:104:in `service'
    /usr/lib/ruby/1.8/webrick/httpserver.rb:65:in `run'
    /usr/lib/ruby/1.8/webrick/server.rb:173:in `start_thread'
    /usr/lib/ruby/1.8/webrick/server.rb:162:in `start'
    /usr/lib/ruby/1.8/webrick/server.rb:162:in `start_thread'
    /usr/lib/ruby/1.8/webrick/server.rb:95:in `start'
    /usr/lib/ruby/1.8/webrick/server.rb:92:in `each'
    /usr/lib/ruby/1.8/webrick/server.rb:92:in `start'
    /usr/lib/ruby/1.8/webrick/server.rb:23:in `start'
    /usr/lib/ruby/1.8/webrick/server.rb:82:in `start'

Rendered rescues/_trace (39.8ms)
Rendered rescues/_request_and_response (0.3ms)
Rendering rescues/layout (internal_server_error)
  [4;36;1mSQL (0.1ms)[0m   [0;1mSET SQL_AUTO_IS_NULL=0[0m


Processing ActivationController#index (for 127.0.0.1 at 2010-04-16 10:29:41) [GET]
Rendering app/views/activation/new.html.erb
Completed in 42ms (View: 40, DB: 0) | 200 OK [http://localhost/activation/index]
  [4;35;1mSQL (0.2ms)[0m   [0mSET SQL_AUTO_IS_NULL=0[0m


Processing ActivationController#index (for 127.0.0.1 at 2010-04-16 10:31:19) [GET]
Rendering app/views/activation/new.html.erb
Completed in 6ms (View: 4, DB: 0) | 200 OK [http://localhost/activation/index]
  [4;36;1mSQL (0.4ms)[0m   [0;1mSET SQL_AUTO_IS_NULL=0[0m


Processing ActivationController#index (for 127.0.0.1 at 2010-04-16 10:31:21) [GET]
Rendering app/views/activation/new.html.erb
Completed in 14ms (View: 9, DB: 0) | 200 OK [http://localhost/activation/index]
  [4;36;1mSQL (0.1ms)[0m   [0;1mSET SQL_AUTO_IS_NULL=0[0m


Processing ActivationController#index (for 127.0.0.1 at 2010-04-16 10:31:35) [GET]
Rendering app/views/activation/new.html.erb
Completed in 72ms (View: 70, DB: 0) | 200 OK [http://localhost/activation/index]
  [4;35;1mSQL (0.2ms)[0m   [0mSET SQL_AUTO_IS_NULL=0[0m


Processing ActivationController#index (for 127.0.0.1 at 2010-04-16 10:33:38) [GET]
Rendering app/views/activation/new.html.erb
Completed in 18ms (View: 13, DB: 0) | 200 OK [http://localhost/activation/index]
  [4;36;1mSQL (0.1ms)[0m   [0;1mSET SQL_AUTO_IS_NULL=0[0m


Processing ActivationController#index (for 127.0.0.1 at 2010-04-16 10:33:52) [GET]
Rendering app/views/activation/new.html.erb

ActionView::TemplateError (Called id for nil, which would mistakenly be 4 -- if you really wanted the id of nil, use object_id) on line #3 of app/views/activation/new.html.erb:
1: <% form_tag({:action => :upload}, :multipart => true) do %>
2: <%= file_field_tag 'file' %>
3: <% end %> <% form_for @activation, :html => {:multipart => true} do |f| %> 
4: <%= f.file_field :picture %>
5: <% end %> 

    app/views/activation/new.html.erb:3
    app/controllers/activation_controller.rb:5:in `index'
    /usr/lib/ruby/1.8/webrick/httpserver.rb:104:in `service'
    /usr/lib/ruby/1.8/webrick/httpserver.rb:65:in `run'
    /usr/lib/ruby/1.8/webrick/server.rb:173:in `start_thread'
    /usr/lib/ruby/1.8/webrick/server.rb:162:in `start'
    /usr/lib/ruby/1.8/webrick/server.rb:162:in `start_thread'
    /usr/lib/ruby/1.8/webrick/server.rb:95:in `start'
    /usr/lib/ruby/1.8/webrick/server.rb:92:in `each'
    /usr/lib/ruby/1.8/webrick/server.rb:92:in `start'
    /usr/lib/ruby/1.8/webrick/server.rb:23:in `start'
    /usr/lib/ruby/1.8/webrick/server.rb:82:in `start'

Rendered rescues/_trace (42.4ms)
Rendered rescues/_request_and_response (1.2ms)
Rendering rescues/layout (internal_server_error)
  [4;36;1mSQL (0.1ms)[0m   [0;1mSET SQL_AUTO_IS_NULL=0[0m


Processing ActivationController#index (for 127.0.0.1 at 2010-04-16 10:35:13) [GET]
Rendering app/views/activation/new.html.erb
Completed in 22ms (View: 20, DB: 0) | 200 OK [http://localhost/activation/index]
  [4;35;1mSQL (0.2ms)[0m   [0mSET SQL_AUTO_IS_NULL=0[0m


Processing ActivationController#index (for 127.0.0.1 at 2010-04-16 10:37:12) [GET]
Rendering app/views/activation/new.html.erb
Completed in 18ms (View: 12, DB: 0) | 200 OK [http://localhost/activation/index]
  [4;36;1mSQL (1.6ms)[0m   [0;1mSET SQL_AUTO_IS_NULL=0[0m


Processing ActivationController#index (for 127.0.0.1 at 2010-04-16 10:39:19) [GET]
Rendering app/views/activation/new.html.erb
Completed in 12ms (View: 8, DB: 2) | 200 OK [http://localhost/activation/index]
  [4;35;1mSQL (0.2ms)[0m   [0mSET SQL_AUTO_IS_NULL=0[0m


Processing ActivationController#index (for 127.0.0.1 at 2010-04-16 10:39:22) [GET]
Rendering app/views/activation/new.html.erb
Completed in 17ms (View: 12, DB: 0) | 200 OK [http://localhost/activation/index]
  [4;36;1mSQL (0.1ms)[0m   [0;1mSET SQL_AUTO_IS_NULL=0[0m


Processing ActivationController#index (for 127.0.0.1 at 2010-04-16 10:39:38) [GET]
Rendering app/views/activation/new.html.erb
Completed in 72ms (View: 70, DB: 0) | 200 OK [http://localhost/activation/index]
  [4;35;1mSQL (0.2ms)[0m   [0mSET SQL_AUTO_IS_NULL=0[0m


Processing ActivationController#new (for 127.0.0.1 at 2010-04-16 10:39:40) [POST]
  Parameters: {"commit"=>"Generate", "authenticity_token"=>"4ZZkLlZnYcjuRaatawINa5svyl1vtGhwn4yxC94xJfc="}

NameError (uninitialized constant ActivationController::DataFile):
  app/controllers/activation_controller.rb:10:in `new'
  /usr/lib/ruby/1.8/webrick/httpserver.rb:104:in `service'
  /usr/lib/ruby/1.8/webrick/httpserver.rb:65:in `run'
  /usr/lib/ruby/1.8/webrick/server.rb:173:in `start_thread'
  /usr/lib/ruby/1.8/webrick/server.rb:162:in `start'
  /usr/lib/ruby/1.8/webrick/server.rb:162:in `start_thread'
  /usr/lib/ruby/1.8/webrick/server.rb:95:in `start'
  /usr/lib/ruby/1.8/webrick/server.rb:92:in `each'
  /usr/lib/ruby/1.8/webrick/server.rb:92:in `start'
  /usr/lib/ruby/1.8/webrick/server.rb:23:in `start'
  /usr/lib/ruby/1.8/webrick/server.rb:82:in `start'

Rendered rescues/_trace (32.3ms)
Rendered rescues/_request_and_response (1.3ms)
Rendering rescues/layout (internal_server_error)
  [4;36;1mSQL (0.1ms)[0m   [0;1mSET SQL_AUTO_IS_NULL=0[0m


Processing ActivationController#new (for 127.0.0.1 at 2010-04-16 10:43:58) [GET]
Completed in 5ms (View: 3, DB: 0) | 200 OK [http://localhost/activation/new]
  [4;35;1mSQL (0.2ms)[0m   [0mSET SQL_AUTO_IS_NULL=0[0m


Processing ActivationController#index (for 127.0.0.1 at 2010-04-16 10:44:50) [GET]
Rendering app/views/activation/new.html.erb
Completed in 115ms (View: 110, DB: 0) | 200 OK [http://localhost/activation]
  [4;36;1mSQL (0.2ms)[0m   [0;1mSET SQL_AUTO_IS_NULL=0[0m


Processing ActivationController#new (for 127.0.0.1 at 2010-04-16 10:44:57) [POST]
  Parameters: {"commit"=>"Generate", "authenticity_token"=>"4ZZkLlZnYcjuRaatawINa5svyl1vtGhwn4yxC94xJfc=", "file"=>#<File:/tmp/RackMultipart20100416-8366-1pmf2d9-0>}
Completed in 9ms (View: 1, DB: 0) | 200 OK [http://localhost/activation/new]
  [4;35;1mSQL (0.2ms)[0m   [0mSET SQL_AUTO_IS_NULL=0[0m


Processing ActivationController#new (for 127.0.0.1 at 2010-04-16 10:45:20) [POST]
  Parameters: {"commit"=>"Generate", "authenticity_token"=>"4ZZkLlZnYcjuRaatawINa5svyl1vtGhwn4yxC94xJfc=", "file"=>#<File:/tmp/RackMultipart20100416-8366-fo405c-0>}
Completed in 14ms (View: 1, DB: 0) | 200 OK [http://localhost/activation/new]
  [4;36;1mSQL (0.2ms)[0m   [0;1mSET SQL_AUTO_IS_NULL=0[0m


Processing ActivationController#new (for 127.0.0.1 at 2010-04-16 10:47:01) [POST]
  Parameters: {"commit"=>"Generate", "authenticity_token"=>"4ZZkLlZnYcjuRaatawINa5svyl1vtGhwn4yxC94xJfc=", "file"=>#<File:/tmp/RackMultipart20100416-8366-wcczkl-0>}
Completed in 10ms (View: 1, DB: 0) | 200 OK [http://localhost/activation/new]
  [4;35;1mSQL (0.2ms)[0m   [0mSET SQL_AUTO_IS_NULL=0[0m


Processing ActivationController#index (for 127.0.0.1 at 2010-04-16 10:48:27) [GET]
Rendering app/views/activation/new.html.erb
Completed in 18ms (View: 12, DB: 0) | 200 OK [http://localhost/activation]
  [4;36;1mSQL (0.2ms)[0m   [0;1mSET SQL_AUTO_IS_NULL=0[0m


Processing ActivationController#index (for 127.0.0.1 at 2010-04-16 10:51:22) [GET]
Rendering app/views/activation/new.html.erb
Completed in 18ms (View: 14, DB: 0) | 200 OK [http://localhost/activation]
  [4;35;1mSQL (0.1ms)[0m   [0mSET SQL_AUTO_IS_NULL=0[0m


Processing ActivationController#index (for 127.0.0.1 at 2010-04-16 10:51:29) [GET]
Rendering app/views/activation/new.html.erb
Completed in 14ms (View: 9, DB: 0) | 200 OK [http://localhost/activation]
  [4;36;1mSQL (0.2ms)[0m   [0;1mSET SQL_AUTO_IS_NULL=0[0m


Processing ActivationController#new (for 127.0.0.1 at 2010-04-16 10:51:31) [POST]
  Parameters: {"commit"=>"Generate", "authenticity_token"=>"4ZZkLlZnYcjuRaatawINa5svyl1vtGhwn4yxC94xJfc="}
Completed in 7ms (View: 1, DB: 0) | 200 OK [http://localhost/activation/new]
  [4;35;1mSQL (0.2ms)[0m   [0mSET SQL_AUTO_IS_NULL=0[0m


Processing ActivationController#new (for 127.0.0.1 at 2010-04-16 10:51:37) [POST]
  Parameters: {"commit"=>"Generate", "authenticity_token"=>"4ZZkLlZnYcjuRaatawINa5svyl1vtGhwn4yxC94xJfc="}
Completed in 8ms (View: 1, DB: 0) | 200 OK [http://localhost/activation/new]
  [4;36;1mSQL (0.1ms)[0m   [0;1mSET SQL_AUTO_IS_NULL=0[0m


Processing ActivationController#new (for 127.0.0.1 at 2010-04-16 10:53:23) [POST]
  Parameters: {"commit"=>"Generate", "authenticity_token"=>"4ZZkLlZnYcjuRaatawINa5svyl1vtGhwn4yxC94xJfc=", "file"=>#<File:/tmp/RackMultipart20100416-8366-2c8m5m-0>}
Completed in 3ms (View: 0, DB: 0) | 200 OK [http://localhost/activation/new]
  [4;35;1mSQL (0.2ms)[0m   [0mSET SQL_AUTO_IS_NULL=0[0m


Processing ActivationController#new (for 127.0.0.1 at 2010-04-16 10:53:31) [POST]
  Parameters: {"commit"=>"Generate", "authenticity_token"=>"4ZZkLlZnYcjuRaatawINa5svyl1vtGhwn4yxC94xJfc=", "file"=>#<File:/tmp/RackMultipart20100416-8366-17tfg6u-0>}
Completed in 10ms (View: 1, DB: 0) | 200 OK [http://localhost/activation/new]
  [4;36;1mSQL (0.2ms)[0m   [0;1mSET SQL_AUTO_IS_NULL=0[0m


Processing ActivationController#new (for 127.0.0.1 at 2010-04-16 10:53:55) [POST]
  Parameters: {"commit"=>"Generate", "authenticity_token"=>"4ZZkLlZnYcjuRaatawINa5svyl1vtGhwn4yxC94xJfc=", "file"=>#<File:/tmp/RackMultipart20100416-8366-opxazr-0>}
Completed in 10ms (View: 1, DB: 0) | 200 OK [http://localhost/activation/new]
  [4;35;1mSQL (0.2ms)[0m   [0mSET SQL_AUTO_IS_NULL=0[0m


Processing ActivationController#new (for 127.0.0.1 at 2010-04-16 10:58:56) [GET]
Completed in 7ms (View: 1, DB: 0) | 200 OK [http://localhost/activation/new]
  [4;36;1mSQL (0.2ms)[0m   [0;1mSET SQL_AUTO_IS_NULL=0[0m


Processing ActivationController#new (for 127.0.0.1 at 2010-04-16 10:59:06) [POST]
  Parameters: {"commit"=>"Generate", "authenticity_token"=>"4ZZkLlZnYcjuRaatawINa5svyl1vtGhwn4yxC94xJfc=", "file"=>#<File:/tmp/RackMultipart20100416-8366-1mzkhs6-0>}
Completed in 8ms (View: 1, DB: 0) | 200 OK [http://localhost/activation/new]
  [4;35;1mSQL (0.2ms)[0m   [0mSET SQL_AUTO_IS_NULL=0[0m


Processing ActivationController#new (for 127.0.0.1 at 2010-04-16 11:03:17) [POST]
  Parameters: {"commit"=>"Generate", "authenticity_token"=>"4ZZkLlZnYcjuRaatawINa5svyl1vtGhwn4yxC94xJfc=", "file"=>#<File:/tmp/RackMultipart20100416-8366-1kc4j2b-0>}
Completed in 8ms (View: 1, DB: 0) | 200 OK [http://localhost/activation/new]
  [4;36;1mSQL (0.2ms)[0m   [0;1mSET SQL_AUTO_IS_NULL=0[0m


Processing ActivationController#new (for 127.0.0.1 at 2010-04-16 11:03:18) [GET]
Completed in 7ms (View: 1, DB: 0) | 200 OK [http://localhost/activation/new]
  [4;35;1mSQL (0.1ms)[0m   [0mSET SQL_AUTO_IS_NULL=0[0m


Processing ActivationController#index (for 127.0.0.1 at 2010-04-16 11:03:21) [GET]
Rendering app/views/activation/new.html.erb
Completed in 8ms (View: 6, DB: 0) | 200 OK [http://localhost/activation]
  [4;36;1mSQL (0.2ms)[0m   [0;1mSET SQL_AUTO_IS_NULL=0[0m


Processing ActivationController#new (for 127.0.0.1 at 2010-04-16 11:03:27) [POST]
  Parameters: {"commit"=>"Generate", "authenticity_token"=>"4ZZkLlZnYcjuRaatawINa5svyl1vtGhwn4yxC94xJfc=", "file"=>#<File:/tmp/RackMultipart20100416-8366-11uk5xp-0>}
Completed in 7ms (View: 1, DB: 0) | 200 OK [http://localhost/activation/new]
  [4;35;1mSQL (0.2ms)[0m   [0mSET SQL_AUTO_IS_NULL=0[0m


Processing ActivationController#new (for 127.0.0.1 at 2010-04-16 11:05:36) [POST]
  Parameters: {"commit"=>"Generate", "authenticity_token"=>"4ZZkLlZnYcjuRaatawINa5svyl1vtGhwn4yxC94xJfc=", "file"=>#<File:/tmp/RackMultipart20100416-8366-yiklqa-0>}
Completed in 3ms (View: 1, DB: 0) | 200 OK [http://localhost/activation/new]
  [4;36;1mSQL (0.2ms)[0m   [0;1mSET SQL_AUTO_IS_NULL=0[0m


Processing ActivationController#new (for 127.0.0.1 at 2010-04-16 11:06:09) [POST]
  Parameters: {"commit"=>"Generate", "authenticity_token"=>"4ZZkLlZnYcjuRaatawINa5svyl1vtGhwn4yxC94xJfc=", "file"=>#<File:/tmp/RackMultipart20100416-8366-18kzif4-0>}
Completed in 9ms (View: 1, DB: 0) | 200 OK [http://localhost/activation/new]
  [4;35;1mSQL (0.2ms)[0m   [0mSET SQL_AUTO_IS_NULL=0[0m


Processing ActivationController#new (for 127.0.0.1 at 2010-04-16 11:06:29) [POST]
  Parameters: {"commit"=>"Generate", "authenticity_token"=>"4ZZkLlZnYcjuRaatawINa5svyl1vtGhwn4yxC94xJfc=", "file"=>#<File:/tmp/RackMultipart20100416-8366-173cwqb-0>}
Completed in 3ms (View: 1, DB: 0) | 200 OK [http://localhost/activation/new]
  [4;36;1mSQL (0.2ms)[0m   [0;1mSET SQL_AUTO_IS_NULL=0[0m


Processing ActivationController#index (for 127.0.0.1 at 2010-04-16 11:06:48) [GET]
Rendering app/views/activation/new.html.erb
Completed in 18ms (View: 13, DB: 0) | 200 OK [http://localhost/activation]
  [4;35;1mSQL (0.2ms)[0m   [0mSET SQL_AUTO_IS_NULL=0[0m


Processing ActivationController#new (for 127.0.0.1 at 2010-04-16 11:06:52) [POST]
  Parameters: {"commit"=>"Generate", "authenticity_token"=>"4ZZkLlZnYcjuRaatawINa5svyl1vtGhwn4yxC94xJfc=", "file"=>#<File:/tmp/RackMultipart20100416-8366-s4bswz-0>}
Completed in 7ms (View: 1, DB: 0) | 200 OK [http://localhost/activation/new]
  [4;36;1mSQL (0.2ms)[0m   [0;1mSET SQL_AUTO_IS_NULL=0[0m


Processing ActivationController#new (for 127.0.0.1 at 2010-04-16 11:07:09) [POST]
  Parameters: {"commit"=>"Generate", "authenticity_token"=>"4ZZkLlZnYcjuRaatawINa5svyl1vtGhwn4yxC94xJfc=", "file"=>#<File:/tmp/RackMultipart20100416-8366-1t7nyry-0>}
Completed in 8ms (View: 1, DB: 0) | 200 OK [http://localhost/activation/new]
  [4;35;1mSQL (0.2ms)[0m   [0mSET SQL_AUTO_IS_NULL=0[0m


Processing ActivationController#new (for 127.0.0.1 at 2010-04-16 11:07:51) [POST]
  Parameters: {"commit"=>"Generate", "authenticity_token"=>"4ZZkLlZnYcjuRaatawINa5svyl1vtGhwn4yxC94xJfc=", "file"=>#<File:/tmp/RackMultipart20100416-8366-vsjv7h-0>}
Completed in 7ms (View: 1, DB: 0) | 200 OK [http://localhost/activation/new]
  [4;36;1mSQL (0.2ms)[0m   [0;1mSET SQL_AUTO_IS_NULL=0[0m


Processing ActivationController#new (for 127.0.0.1 at 2010-04-16 11:08:05) [POST]
  Parameters: {"commit"=>"Generate", "authenticity_token"=>"4ZZkLlZnYcjuRaatawINa5svyl1vtGhwn4yxC94xJfc=", "file"=>#<File:/tmp/RackMultipart20100416-8366-19cnbyg-0>}
Completed in 7ms (View: 1, DB: 0) | 200 OK [http://localhost/activation/new]
  [4;35;1mSQL (0.2ms)[0m   [0mSET SQL_AUTO_IS_NULL=0[0m


Processing ActivationController#index (for 127.0.0.1 at 2010-04-16 11:08:48) [GET]
Rendering app/views/activation/new.html.erb
Completed in 17ms (View: 12, DB: 0) | 200 OK [http://localhost/activation]
  [4;36;1mSQL (0.2ms)[0m   [0;1mSET SQL_AUTO_IS_NULL=0[0m


Processing ActivationController#new (for 127.0.0.1 at 2010-04-16 11:09:54) [POST]
  Parameters: {"commit"=>"Generate", "authenticity_token"=>"4ZZkLlZnYcjuRaatawINa5svyl1vtGhwn4yxC94xJfc=", "file"=>#<File:/tmp/RackMultipart20100416-8366-17bncxt-0>}
Completed in 9ms (View: 0, DB: 0) | 200 OK [http://localhost/activation/new]
  [4;35;1mSQL (0.2ms)[0m   [0mSET SQL_AUTO_IS_NULL=0[0m


Processing ActivationController#new (for 127.0.0.1 at 2010-04-16 11:10:47) [POST]
  Parameters: {"commit"=>"Generate", "authenticity_token"=>"4ZZkLlZnYcjuRaatawINa5svyl1vtGhwn4yxC94xJfc=", "file"=>#<File:/tmp/RackMultipart20100416-8366-1r35t6-0>}
Completed in 8ms (View: 1, DB: 0) | 200 OK [http://localhost/activation/new]
  [4;36;1mSQL (0.2ms)[0m   [0;1mSET SQL_AUTO_IS_NULL=0[0m


Processing ActivationController#new (for 127.0.0.1 at 2010-04-16 11:12:14) [POST]
  Parameters: {"commit"=>"Generate", "authenticity_token"=>"4ZZkLlZnYcjuRaatawINa5svyl1vtGhwn4yxC94xJfc=", "file"=>#<File:/tmp/RackMultipart20100416-8366-nzmmx9-0>}

NoMethodError (undefined method `join' for #<File:/tmp/RackMultipart20100416-8366-nzmmx9-0>):
  app/controllers/activation_controller.rb:8:in `new'
  /usr/lib/ruby/1.8/webrick/httpserver.rb:104:in `service'
  /usr/lib/ruby/1.8/webrick/httpserver.rb:65:in `run'
  /usr/lib/ruby/1.8/webrick/server.rb:173:in `start_thread'
  /usr/lib/ruby/1.8/webrick/server.rb:162:in `start'
  /usr/lib/ruby/1.8/webrick/server.rb:162:in `start_thread'
  /usr/lib/ruby/1.8/webrick/server.rb:95:in `start'
  /usr/lib/ruby/1.8/webrick/server.rb:92:in `each'
  /usr/lib/ruby/1.8/webrick/server.rb:92:in `start'
  /usr/lib/ruby/1.8/webrick/server.rb:23:in `start'
  /usr/lib/ruby/1.8/webrick/server.rb:82:in `start'

Rendered rescues/_trace (49.1ms)
Rendered rescues/_request_and_response (1.6ms)
Rendering rescues/layout (internal_server_error)
  [4;35;1mSQL (0.2ms)[0m   [0mSET SQL_AUTO_IS_NULL=0[0m


Processing ActivationController#new (for 127.0.0.1 at 2010-04-16 11:12:45) [POST]
  Parameters: {"commit"=>"Generate", "authenticity_token"=>"4ZZkLlZnYcjuRaatawINa5svyl1vtGhwn4yxC94xJfc=", "file"=>#<File:/tmp/RackMultipart20100416-8366-3mkccg-0>}
Completed in 4ms (View: 1, DB: 0) | 200 OK [http://localhost/activation/new]
  [4;36;1mSQL (0.2ms)[0m   [0;1mSET SQL_AUTO_IS_NULL=0[0m


Processing ActivationController#index (for 127.0.0.1 at 2010-04-16 11:13:18) [GET]
Rendering app/views/activation/new.html.erb
Completed in 7ms (View: 5, DB: 0) | 200 OK [http://localhost/activation]
  [4;35;1mSQL (0.2ms)[0m   [0mSET SQL_AUTO_IS_NULL=0[0m


Processing ActivationController#new (for 127.0.0.1 at 2010-04-16 11:13:22) [POST]
  Parameters: {"commit"=>"Generate", "authenticity_token"=>"4ZZkLlZnYcjuRaatawINa5svyl1vtGhwn4yxC94xJfc=", "file"=>#<File:/tmp/RackMultipart20100416-8366-73izf1-0>}
Completed in 7ms (View: 1, DB: 0) | 200 OK [http://localhost/activation/new]
  [4;36;1mSQL (0.2ms)[0m   [0;1mSET SQL_AUTO_IS_NULL=0[0m


Processing ActivationController#new (for 127.0.0.1 at 2010-04-16 11:14:01) [POST]
  Parameters: {"commit"=>"Generate", "authenticity_token"=>"4ZZkLlZnYcjuRaatawINa5svyl1vtGhwn4yxC94xJfc=", "file"=>#<File:/tmp/RackMultipart20100416-8366-z80zaj-0>}
Completed in 7ms (View: 1, DB: 0) | 200 OK [http://localhost/activation/new]
  [4;35;1mSQL (0.2ms)[0m   [0mSET SQL_AUTO_IS_NULL=0[0m


Processing ActivationController#new (for 127.0.0.1 at 2010-04-16 11:14:21) [POST]
  Parameters: {"commit"=>"Generate", "authenticity_token"=>"4ZZkLlZnYcjuRaatawINa5svyl1vtGhwn4yxC94xJfc=", "file"=>#<File:/tmp/RackMultipart20100416-8366-1e6gnd5-0>}
Completed in 3ms (View: 1, DB: 0) | 200 OK [http://localhost/activation/new]
  [4;36;1mSQL (0.2ms)[0m   [0;1mSET SQL_AUTO_IS_NULL=0[0m


Processing ActivationController#new (for 127.0.0.1 at 2010-04-16 11:14:44) [POST]
  Parameters: {"commit"=>"Generate", "authenticity_token"=>"4ZZkLlZnYcjuRaatawINa5svyl1vtGhwn4yxC94xJfc=", "file"=>#<File:/tmp/RackMultipart20100416-8366-1hh922i-0>}
Completed in 7ms (View: 1, DB: 0) | 200 OK [http://localhost/activation/new]
  [4;36;1mSQL (0.1ms)[0m   [0;1mSET SQL_AUTO_IS_NULL=0[0m


Processing ApplicationController#new (for 127.0.0.1 at 2010-04-16 11:24:57) [POST]
  Parameters: {"commit"=>"Generate", "authenticity_token"=>"4ZZkLlZnYcjuRaatawINa5svyl1vtGhwn4yxC94xJfc=", "file"=>#<File:/tmp/RackMultipart20100416-9475-87ody0-0>}

MissingSourceFile (no such file to load -- /home/tch/ParaguayEduca/yaas/yaas-server/lib/yaas-client.rb):
  app/controllers/activation_controller.rb:1
  /usr/lib/ruby/1.8/webrick/httpserver.rb:104:in `service'
  /usr/lib/ruby/1.8/webrick/httpserver.rb:65:in `run'
  /usr/lib/ruby/1.8/webrick/server.rb:173:in `start_thread'
  /usr/lib/ruby/1.8/webrick/server.rb:162:in `start'
  /usr/lib/ruby/1.8/webrick/server.rb:162:in `start_thread'
  /usr/lib/ruby/1.8/webrick/server.rb:95:in `start'
  /usr/lib/ruby/1.8/webrick/server.rb:92:in `each'
  /usr/lib/ruby/1.8/webrick/server.rb:92:in `start'
  /usr/lib/ruby/1.8/webrick/server.rb:23:in `start'
  /usr/lib/ruby/1.8/webrick/server.rb:82:in `start'

Rendered rescues/_trace (87.5ms)
Rendered rescues/_request_and_response (1.6ms)
Rendering rescues/layout (internal_server_error)
  [4;36;1mSQL (0.1ms)[0m   [0;1mSET SQL_AUTO_IS_NULL=0[0m


Processing ActivationController#new (for 127.0.0.1 at 2010-04-16 11:28:15) [POST]
  Parameters: {"commit"=>"Generate", "authenticity_token"=>"4ZZkLlZnYcjuRaatawINa5svyl1vtGhwn4yxC94xJfc=", "file"=>#<File:/tmp/RackMultipart20100416-9599-50pu3b-0>}
Completed in 91ms (View: 3, DB: 0) | 200 OK [http://localhost/activation/new]
  [4;35;1mSQL (0.2ms)[0m   [0mSET SQL_AUTO_IS_NULL=0[0m


Processing ActivationController#new (for 127.0.0.1 at 2010-04-16 11:29:50) [POST]
  Parameters: {"commit"=>"Generate", "authenticity_token"=>"4ZZkLlZnYcjuRaatawINa5svyl1vtGhwn4yxC94xJfc=", "file"=>#<File:/tmp/RackMultipart20100416-9599-1oa3tsf-0>}
Completed in 71ms (View: 1, DB: 0) | 200 OK [http://localhost/activation/new]
  [4;36;1mSQL (0.1ms)[0m   [0;1mSET SQL_AUTO_IS_NULL=0[0m


Processing ActivationController#new (for 127.0.0.1 at 2010-04-16 11:36:30) [POST]
  Parameters: {"commit"=>"Generate", "authenticity_token"=>"4ZZkLlZnYcjuRaatawINa5svyl1vtGhwn4yxC94xJfc=", "file"=>#<File:/tmp/RackMultipart20100416-9826-utn4ll-0>}
Rendering app/views/activation/new.html.erb
Completed in 21ms (View: 18, DB: 0) | 200 OK [http://localhost/activation/new]
  [4;35;1mSQL (0.2ms)[0m   [0mSET SQL_AUTO_IS_NULL=0[0m


Processing ActivationController#new (for 127.0.0.1 at 2010-04-16 11:36:36) [GET]
Rendering app/views/activation/new.html.erb
Completed in 18ms (View: 13, DB: 0) | 200 OK [http://localhost/activation/new]
  [4;36;1mSQL (0.2ms)[0m   [0;1mSET SQL_AUTO_IS_NULL=0[0m


Processing ActivationController#generate (for 127.0.0.1 at 2010-04-16 11:36:43) [POST]
  Parameters: {"commit"=>"Generate", "authenticity_token"=>"4ZZkLlZnYcjuRaatawINa5svyl1vtGhwn4yxC94xJfc=", "file"=>#<File:/tmp/RackMultipart20100416-9826-1icx8kc-0>}
Completed in 83ms (View: 1, DB: 0) | 200 OK [http://localhost/activation/generate]
  [4;35;1mSQL (0.2ms)[0m   [0mSET SQL_AUTO_IS_NULL=0[0m


Processing ActivationController#generate (for 127.0.0.1 at 2010-04-16 11:45:04) [POST]
  Parameters: {"commit"=>"Generate", "authenticity_token"=>"4ZZkLlZnYcjuRaatawINa5svyl1vtGhwn4yxC94xJfc=", "file"=>#<File:/tmp/RackMultipart20100416-9826-pckq22-0>}
Completed in 105ms (View: 1, DB: 0) | 200 OK [http://localhost/activation/generate]
  [4;36;1mSQL (0.2ms)[0m   [0;1mSET SQL_AUTO_IS_NULL=0[0m


Processing ActivationController#new (for 127.0.0.1 at 2010-04-16 11:45:09) [GET]
Rendering app/views/activation/new.html.erb
Completed in 17ms (View: 12, DB: 0) | 200 OK [http://localhost/activation/new]
  [4;35;1mSQL (0.2ms)[0m   [0mSET SQL_AUTO_IS_NULL=0[0m


Processing ActivationController#generate (for 127.0.0.1 at 2010-04-16 11:45:10) [POST]
  Parameters: {"commit"=>"Generate", "authenticity_token"=>"4ZZkLlZnYcjuRaatawINa5svyl1vtGhwn4yxC94xJfc="}
Completed in 8ms (View: 1, DB: 0) | 200 OK [http://localhost/activation/generate]
  [4;36;1mSQL (0.2ms)[0m   [0;1mSET SQL_AUTO_IS_NULL=0[0m


Processing ActivationController#new (for 127.0.0.1 at 2010-04-16 11:47:16) [GET]
Rendering app/views/activation/new.html.erb
Completed in 12ms (View: 7, DB: 0) | 200 OK [http://localhost/activation/new]
  [4;35;1mSQL (0.2ms)[0m   [0mSET SQL_AUTO_IS_NULL=0[0m


Processing ActivationController#generate (for 127.0.0.1 at 2010-04-16 11:47:17) [POST]
  Parameters: {"commit"=>"Generate", "authenticity_token"=>"4ZZkLlZnYcjuRaatawINa5svyl1vtGhwn4yxC94xJfc="}
Completed in 9ms (View: 3, DB: 0) | 200 OK [http://localhost/activation/generate]
  [4;36;1mSQL (0.1ms)[0m   [0;1mSET SQL_AUTO_IS_NULL=0[0m


Processing ActivationController#new (for 127.0.0.1 at 2010-04-16 11:47:29) [GET]
Rendering app/views/activation/new.html.erb
Completed in 8ms (View: 6, DB: 0) | 200 OK [http://localhost/activation/new]
  [4;35;1mSQL (0.2ms)[0m   [0mSET SQL_AUTO_IS_NULL=0[0m


Processing ActivationController#new (for 127.0.0.1 at 2010-04-16 12:09:35) [GET]
Rendering app/views/activation/new.html.erb
Completed in 8ms (View: 5, DB: 0) | 200 OK [http://localhost/activation/new]
  [4;36;1mSQL (0.2ms)[0m   [0;1mSET SQL_AUTO_IS_NULL=0[0m


Processing ActivationController#new (for 127.0.0.1 at 2010-04-16 12:09:39) [GET]
Rendering app/views/activation/new.html.erb
Completed in 18ms (View: 13, DB: 0) | 200 OK [http://localhost/activation/new]
  [4;36;1mSQL (0.2ms)[0m   [0;1mSET SQL_AUTO_IS_NULL=0[0m


Processing ActivationController#new (for 127.0.0.1 at 2010-04-16 12:09:57) [GET]
Rendering app/views/activation/new.html.erb
Completed in 20ms (View: 18, DB: 0) | 200 OK [http://localhost/activation/new]
  [4;35;1mSQL (0.2ms)[0m   [0mSET SQL_AUTO_IS_NULL=0[0m


Processing ActivationController#new (for 127.0.0.1 at 2010-04-16 12:11:04) [GET]
Rendering app/views/activation/new.html.erb
Completed in 20ms (View: 13, DB: 0) | 200 OK [http://localhost/activation/new]
  [4;36;1mSQL (0.2ms)[0m   [0;1mSET SQL_AUTO_IS_NULL=0[0m


Processing ActivationController#new (for 127.0.0.1 at 2010-04-16 12:11:06) [GET]
Rendering app/views/activation/new.html.erb
Completed in 19ms (View: 14, DB: 0) | 200 OK [http://localhost/activation/new]
  [4;36;1mSQL (0.1ms)[0m   [0;1mSET SQL_AUTO_IS_NULL=0[0m


Processing ActivationController#new (for 127.0.0.1 at 2010-04-16 12:11:21) [GET]
Rendering app/views/activation/new.html.erb
Completed in 22ms (View: 20, DB: 0) | 200 OK [http://localhost/activation/new]
  [4;35;1mSQL (0.1ms)[0m   [0mSET SQL_AUTO_IS_NULL=0[0m


Processing ActivationController#generate (for 127.0.0.1 at 2010-04-16 12:11:45) [POST]
  Parameters: {"duration"=>"342", "commit"=>"Generate", "authenticity_token"=>"4ZZkLlZnYcjuRaatawINa5svyl1vtGhwn4yxC94xJfc=", "file"=>#<File:/tmp/RackMultipart20100416-10681-1c5micn-0>}
Completed in 34ms (View: 0, DB: 0) | 200 OK [http://localhost/activation/generate]
  [4;36;1mSQL (0.2ms)[0m   [0;1mSET SQL_AUTO_IS_NULL=0[0m


Processing ActivationController#generate (for 127.0.0.1 at 2010-04-16 12:23:39) [POST]
  Parameters: {"duration"=>"342", "commit"=>"Generate", "authenticity_token"=>"4ZZkLlZnYcjuRaatawINa5svyl1vtGhwn4yxC94xJfc=", "file"=>#<File:/tmp/RackMultipart20100416-10681-19eecct-0>}

NameError (undefined local variable or method `user_data' for #<ActivationController:0x7f64b0098460>):
  app/controllers/activation_controller.rb:13:in `generate'
  /usr/lib/ruby/1.8/webrick/httpserver.rb:104:in `service'
  /usr/lib/ruby/1.8/webrick/httpserver.rb:65:in `run'
  /usr/lib/ruby/1.8/webrick/server.rb:173:in `start_thread'
  /usr/lib/ruby/1.8/webrick/server.rb:162:in `start'
  /usr/lib/ruby/1.8/webrick/server.rb:162:in `start_thread'
  /usr/lib/ruby/1.8/webrick/server.rb:95:in `start'
  /usr/lib/ruby/1.8/webrick/server.rb:92:in `each'
  /usr/lib/ruby/1.8/webrick/server.rb:92:in `start'
  /usr/lib/ruby/1.8/webrick/server.rb:23:in `start'
  /usr/lib/ruby/1.8/webrick/server.rb:82:in `start'

Rendered rescues/_trace (30.3ms)
Rendered rescues/_request_and_response (1.4ms)
Rendering rescues/layout (internal_server_error)
  [4;35;1mSQL (0.1ms)[0m   [0mSET SQL_AUTO_IS_NULL=0[0m


Processing ActivationController#new (for 127.0.0.1 at 2010-04-16 12:23:58) [GET]
Rendering app/views/activation/new.html.erb
Completed in 8ms (View: 6, DB: 0) | 200 OK [http://localhost/activation/new]
  [4;36;1mSQL (0.2ms)[0m   [0;1mSET SQL_AUTO_IS_NULL=0[0m


Processing ActivationController#generate (for 127.0.0.1 at 2010-04-16 12:24:02) [POST]
  Parameters: {"duration"=>"awdasd", "commit"=>"Generate", "authenticity_token"=>"4ZZkLlZnYcjuRaatawINa5svyl1vtGhwn4yxC94xJfc="}
Completed in 7ms (View: 1, DB: 0) | 200 OK [http://localhost/activation/generate]
  [4;36;1mSQL (0.1ms)[0m   [0;1mSET SQL_AUTO_IS_NULL=0[0m


Processing ActivationController#new (for 127.0.0.1 at 2010-04-16 14:38:51) [GET]
Rendering app/views/activation/new.html.erb
Completed in 22ms (View: 20, DB: 0) | 200 OK [http://localhost/activation/new]
  [4;35;1mSQL (0.2ms)[0m   [0mSET SQL_AUTO_IS_NULL=0[0m


Processing ActivationController#generate (for 127.0.0.1 at 2010-04-16 14:38:59) [POST]
  Parameters: {"duration"=>"sdf", "commit"=>"Generate", "authenticity_token"=>"4ZZkLlZnYcjuRaatawINa5svyl1vtGhwn4yxC94xJfc=", "file"=>#<File:/tmp/RackMultipart20100416-13707-1gr07px-0>}

NoMethodError (undefined method `parse_data' for YaasWrapper:Module):
  lib/yaas_wrapper.rb:6:in `generate_devkeys'
  app/controllers/activation_controller.rb:12:in `generate'
  /usr/lib/ruby/1.8/webrick/httpserver.rb:104:in `service'
  /usr/lib/ruby/1.8/webrick/httpserver.rb:65:in `run'
  /usr/lib/ruby/1.8/webrick/server.rb:173:in `start_thread'
  /usr/lib/ruby/1.8/webrick/server.rb:162:in `start'
  /usr/lib/ruby/1.8/webrick/server.rb:162:in `start_thread'
  /usr/lib/ruby/1.8/webrick/server.rb:95:in `start'
  /usr/lib/ruby/1.8/webrick/server.rb:92:in `each'
  /usr/lib/ruby/1.8/webrick/server.rb:92:in `start'
  /usr/lib/ruby/1.8/webrick/server.rb:23:in `start'
  /usr/lib/ruby/1.8/webrick/server.rb:82:in `start'

Rendered rescues/_trace (130.2ms)
Rendered rescues/_request_and_response (1.5ms)
Rendering rescues/layout (internal_server_error)
  [4;36;1mSQL (0.1ms)[0m   [0;1mSET SQL_AUTO_IS_NULL=0[0m


Processing ActivationController#generate (for 127.0.0.1 at 2010-04-16 14:39:50) [POST]
  Parameters: {"duration"=>"sdf", "commit"=>"Generate", "authenticity_token"=>"4ZZkLlZnYcjuRaatawINa5svyl1vtGhwn4yxC94xJfc=", "file"=>#<File:/tmp/RackMultipart20100416-13718-q25dcp-0>}
Completed in 33ms (View: 3, DB: 0) | 200 OK [http://localhost/activation/generate]
  [4;35;1mSQL (0.2ms)[0m   [0mSET SQL_AUTO_IS_NULL=0[0m


Processing ActivationController#generate (for 127.0.0.1 at 2010-04-16 14:40:53) [GET]
Completed in 6ms (View: 1, DB: 0) | 200 OK [http://localhost/activation/generate]
  [4;36;1mSQL (0.1ms)[0m   [0;1mSET SQL_AUTO_IS_NULL=0[0m


Processing ActivationController#generate (for 127.0.0.1 at 2010-04-16 14:40:55) [POST]
  Parameters: {"duration"=>"sdf", "commit"=>"Generate", "authenticity_token"=>"4ZZkLlZnYcjuRaatawINa5svyl1vtGhwn4yxC94xJfc=", "file"=>#<File:/tmp/RackMultipart20100416-13718-dz99ez-0>}
Completed in 33ms (View: 1, DB: 0) | 200 OK [http://localhost/activation/generate]
  [4;35;1mSQL (0.1ms)[0m   [0mSET SQL_AUTO_IS_NULL=0[0m


Processing ActivationController#generate (for 127.0.0.1 at 2010-04-16 14:40:58) [POST]
  Parameters: {"duration"=>"sdf", "commit"=>"Generate", "authenticity_token"=>"4ZZkLlZnYcjuRaatawINa5svyl1vtGhwn4yxC94xJfc=", "file"=>#<File:/tmp/RackMultipart20100416-13718-16v6q6m-0>}
Completed in 79ms (View: 1, DB: 0) | 200 OK [http://localhost/activation/generate]
  [4;36;1mSQL (0.2ms)[0m   [0;1mSET SQL_AUTO_IS_NULL=0[0m


Processing ActivationController#generate (for 127.0.0.1 at 2010-04-16 14:42:09) [POST]
  Parameters: {"duration"=>"sdf", "commit"=>"Generate", "authenticity_token"=>"4ZZkLlZnYcjuRaatawINa5svyl1vtGhwn4yxC94xJfc=", "file"=>#<File:/tmp/RackMultipart20100416-13718-un6tns-0>}
Completed in 209ms (View: 1, DB: 0) | 200 OK [http://localhost/activation/generate]
  [4;36;1mSQL (0.1ms)[0m   [0;1mSET SQL_AUTO_IS_NULL=0[0m


Processing ActivationController#generate (for 127.0.0.1 at 2010-04-16 14:45:34) [POST]
  Parameters: {"duration"=>"sdf", "commit"=>"Generate", "authenticity_token"=>"4ZZkLlZnYcjuRaatawINa5svyl1vtGhwn4yxC94xJfc=", "file"=>#<File:/tmp/RackMultipart20100416-13945-15whf8p-0>}
Completed in 118ms (View: 14, DB: 0) | 200 OK [http://localhost/activation/generate]
  [4;36;1mSQL (0.1ms)[0m   [0;1mSET SQL_AUTO_IS_NULL=0[0m


Processing ActivationController#new (for 127.0.0.1 at 2010-04-16 14:47:48) [GET]
Rendering app/views/activation/new.html.erb
Completed in 20ms (View: 18, DB: 0) | 200 OK [http://localhost/activation/new]
  [4;35;1mSQL (0.2ms)[0m   [0mSET SQL_AUTO_IS_NULL=0[0m


Processing ActivationController#generate (for 127.0.0.1 at 2010-04-16 14:48:10) [POST]
  Parameters: {"duration"=>"34234", "commit"=>"Generate", "authenticity_token"=>"4ZZkLlZnYcjuRaatawINa5svyl1vtGhwn4yxC94xJfc=", "file"=>#<File:/tmp/RackMultipart20100416-13971-1gme3bv-0>}
Completed in 195ms (View: 1, DB: 0) | 200 OK [http://localhost/activation/generate]
  [4;36;1mSQL (0.2ms)[0m   [0;1mSET SQL_AUTO_IS_NULL=0[0m


Processing ActivationController#generate (for 127.0.0.1 at 2010-04-16 14:50:03) [POST]
  Parameters: {"duration"=>"34234", "commit"=>"Generate", "authenticity_token"=>"4ZZkLlZnYcjuRaatawINa5svyl1vtGhwn4yxC94xJfc=", "file"=>#<File:/tmp/RackMultipart20100416-13971-o153oz-0>}
Completed in 138ms (View: 2, DB: 0) | 200 OK [http://localhost/activation/generate]
  [4;36;1mSQL (0.1ms)[0m   [0;1mSET SQL_AUTO_IS_NULL=0[0m


Processing ActivationController#new (for 127.0.0.1 at 2010-04-16 14:57:11) [GET]
Rendering app/views/activation/new.html.erb
Completed in 21ms (View: 19, DB: 0) | 200 OK [http://localhost/activation/new]
  [4;36;1mSQL (0.1ms)[0m   [0;1mSET SQL_AUTO_IS_NULL=0[0m


Processing ActivationController#new (for 127.0.0.1 at 2010-04-16 14:58:35) [GET]
Rendering app/views/activation/new.html.erb
Completed in 19ms (View: 17, DB: 0) | 200 OK [http://localhost/activation/new]
  [4;36;1mSQL (0.1ms)[0m   [0;1mSET SQL_AUTO_IS_NULL=0[0m


Processing ActivationController#new (for 127.0.0.1 at 2010-04-16 14:59:08) [GET]
Rendering app/views/activation/new.html.erb
Completed in 26ms (View: 23, DB: 0) | 200 OK [http://localhost/activation/new]
  [4;36;1mSQL (0.1ms)[0m   [0;1mSET SQL_AUTO_IS_NULL=0[0m


Processing ActivationController#new (for 127.0.0.1 at 2010-04-16 14:59:38) [GET]
Rendering app/views/activation/new.html.erb
Completed in 19ms (View: 17, DB: 0) | 200 OK [http://localhost/activation/new]
  [4;35;1mSQL (0.2ms)[0m   [0mSET SQL_AUTO_IS_NULL=0[0m


Processing ActivationController#generate (for 127.0.0.1 at 2010-04-16 14:59:41) [POST]
  Parameters: {"duration"=>"34234", "commit"=>"Generate", "method"=>"Keys", "authenticity_token"=>"4ZZkLlZnYcjuRaatawINa5svyl1vtGhwn4yxC94xJfc=", "file"=>#<File:/tmp/RackMultipart20100416-14182-1152vbv-0>}
Completed in 81ms (View: 1, DB: 0) | 200 OK [http://localhost/activation/generate]
  [4;36;1mSQL (0.1ms)[0m   [0;1mSET SQL_AUTO_IS_NULL=0[0m


Processing ActivationController#new (for 127.0.0.1 at 2010-04-16 15:04:56) [GET]
Rendering app/views/activation/new.html.erb
Completed in 20ms (View: 18, DB: 0) | 200 OK [http://localhost/activation/new]
  [4;35;1mSQL (0.2ms)[0m   [0mSET SQL_AUTO_IS_NULL=0[0m


Processing ActivationController#generate (for 127.0.0.1 at 2010-04-16 15:05:05) [POST]
  Parameters: {"duration"=>"3434", "commit"=>"Generate", "method"=>"Keys", "authenticity_token"=>"4ZZkLlZnYcjuRaatawINa5svyl1vtGhwn4yxC94xJfc=", "file"=>#<File:/tmp/RackMultipart20100416-14388-636vzp-0>}

NoMethodError (You have a nil object when you didn't expect it!
You might have expected an instance of Array.
The error occurred while evaluating nil.join):
  app/controllers/activation_controller.rb:37:in `generate'
  /usr/lib/ruby/1.8/webrick/httpserver.rb:104:in `service'
  /usr/lib/ruby/1.8/webrick/httpserver.rb:65:in `run'
  /usr/lib/ruby/1.8/webrick/server.rb:173:in `start_thread'
  /usr/lib/ruby/1.8/webrick/server.rb:162:in `start'
  /usr/lib/ruby/1.8/webrick/server.rb:162:in `start_thread'
  /usr/lib/ruby/1.8/webrick/server.rb:95:in `start'
  /usr/lib/ruby/1.8/webrick/server.rb:92:in `each'
  /usr/lib/ruby/1.8/webrick/server.rb:92:in `start'
  /usr/lib/ruby/1.8/webrick/server.rb:23:in `start'
  /usr/lib/ruby/1.8/webrick/server.rb:82:in `start'

Rendered rescues/_trace (99.2ms)
Rendered rescues/_request_and_response (1.7ms)
Rendering rescues/layout (internal_server_error)
  [4;36;1mSQL (0.2ms)[0m   [0;1mSET SQL_AUTO_IS_NULL=0[0m


Processing ActivationController#generate (for 127.0.0.1 at 2010-04-16 15:05:37) [POST]
  Parameters: {"duration"=>"3434", "commit"=>"Generate", "method"=>"Keys", "authenticity_token"=>"4ZZkLlZnYcjuRaatawINa5svyl1vtGhwn4yxC94xJfc=", "file"=>#<File:/tmp/RackMultipart20100416-14388-bbjzd9-0>}
Completed in 78ms (View: 1, DB: 0) | 200 OK [http://localhost/activation/generate]
  [4;35;1mSQL (0.2ms)[0m   [0mSET SQL_AUTO_IS_NULL=0[0m


Processing ActivationController#generate (for 127.0.0.1 at 2010-04-16 15:06:03) [POST]
  Parameters: {"duration"=>"3434", "commit"=>"Generate", "method"=>"Leases", "authenticity_token"=>"4ZZkLlZnYcjuRaatawINa5svyl1vtGhwn4yxC94xJfc=", "file"=>#<File:/tmp/RackMultipart20100416-14388-1tfc9di-0>}
Completed in 123ms (View: 1, DB: 0) | 200 OK [http://localhost/activation/generate]
  [4;36;1mSQL (0.1ms)[0m   [0;1mSET SQL_AUTO_IS_NULL=0[0m


Processing ActivationController#generate (for 127.0.0.1 at 2010-04-16 15:08:31) [POST]
  Parameters: {"duration"=>"3434", "commit"=>"Generate", "method"=>"Leases", "authenticity_token"=>"4ZZkLlZnYcjuRaatawINa5svyl1vtGhwn4yxC94xJfc=", "file"=>#<File:/tmp/RackMultipart20100416-14445-bwije7-0>}

ArgumentError (comparison of String with 0 failed):
  app/controllers/activation_controller.rb:34:in `<='
  app/controllers/activation_controller.rb:34:in `generate'
  /usr/lib/ruby/1.8/webrick/httpserver.rb:104:in `service'
  /usr/lib/ruby/1.8/webrick/httpserver.rb:65:in `run'
  /usr/lib/ruby/1.8/webrick/server.rb:173:in `start_thread'
  /usr/lib/ruby/1.8/webrick/server.rb:162:in `start'
  /usr/lib/ruby/1.8/webrick/server.rb:162:in `start_thread'
  /usr/lib/ruby/1.8/webrick/server.rb:95:in `start'
  /usr/lib/ruby/1.8/webrick/server.rb:92:in `each'
  /usr/lib/ruby/1.8/webrick/server.rb:92:in `start'
  /usr/lib/ruby/1.8/webrick/server.rb:23:in `start'
  /usr/lib/ruby/1.8/webrick/server.rb:82:in `start'

Rendered rescues/_trace (32.4ms)
Rendered rescues/_request_and_response (1.3ms)
Rendering rescues/layout (internal_server_error)
  [4;35;1mSQL (0.2ms)[0m   [0mSET SQL_AUTO_IS_NULL=0[0m


Processing ActivationController#generate (for 127.0.0.1 at 2010-04-16 15:10:04) [POST]
  Parameters: {"duration"=>"3434", "commit"=>"Generate", "method"=>"Leases", "authenticity_token"=>"4ZZkLlZnYcjuRaatawINa5svyl1vtGhwn4yxC94xJfc=", "file"=>#<File:/tmp/RackMultipart20100416-14445-106oy61-0>}
Completed in 138ms (View: 8, DB: 0) | 200 OK [http://localhost/activation/generate]
  [4;36;1mSQL (0.2ms)[0m   [0;1mSET SQL_AUTO_IS_NULL=0[0m


Processing ActivationController#generate (for 127.0.0.1 at 2010-04-16 15:10:09) [POST]
  Parameters: {"duration"=>"", "commit"=>"Generate", "method"=>"Leases", "authenticity_token"=>"4ZZkLlZnYcjuRaatawINa5svyl1vtGhwn4yxC94xJfc=", "file"=>#<File:/tmp/RackMultipart20100416-14445-yjdpgg-0>}
Completed in 115ms (View: 2, DB: 0) | 200 OK [http://localhost/activation/generate]
  [4;35;1mSQL (0.2ms)[0m   [0mSET SQL_AUTO_IS_NULL=0[0m


Processing ActivationController#generate (for 127.0.0.1 at 2010-04-16 15:10:14) [POST]
  Parameters: {"duration"=>"", "commit"=>"Generate", "method"=>"Leases", "authenticity_token"=>"4ZZkLlZnYcjuRaatawINa5svyl1vtGhwn4yxC94xJfc=", "file"=>#<File:/tmp/RackMultipart20100416-14445-umufu3-0>}
Completed in 184ms (View: 1, DB: 0) | 200 OK [http://localhost/activation/generate]
  [4;36;1mSQL (0.2ms)[0m   [0;1mSET SQL_AUTO_IS_NULL=0[0m


Processing ActivationController#generate (for 127.0.0.1 at 2010-04-16 15:11:01) [POST]
  Parameters: {"duration"=>"", "commit"=>"Generate", "method"=>"Leases", "authenticity_token"=>"4ZZkLlZnYcjuRaatawINa5svyl1vtGhwn4yxC94xJfc=", "file"=>#<File:/tmp/RackMultipart20100416-14445-12vnv9-0>}
Completed in 67ms (View: 1, DB: 0) | 200 OK [http://localhost/activation/generate]
  [4;35;1mSQL (0.2ms)[0m   [0mSET SQL_AUTO_IS_NULL=0[0m


Processing ActivationController#generate (for 127.0.0.1 at 2010-04-16 15:12:45) [POST]
  Parameters: {"duration"=>"", "commit"=>"Generate", "method"=>"Leases", "authenticity_token"=>"4ZZkLlZnYcjuRaatawINa5svyl1vtGhwn4yxC94xJfc=", "file"=>#<File:/tmp/RackMultipart20100416-14445-469dpc-0>}
Completed in 177ms (View: 1, DB: 0) | 200 OK [http://localhost/activation/generate]
  [4;36;1mSQL (0.2ms)[0m   [0;1mSET SQL_AUTO_IS_NULL=0[0m


Processing ActivationController#generate (for 127.0.0.1 at 2010-04-16 15:13:02) [POST]
  Parameters: {"duration"=>"", "commit"=>"Generate", "method"=>"Leases", "authenticity_token"=>"4ZZkLlZnYcjuRaatawINa5svyl1vtGhwn4yxC94xJfc=", "file"=>#<File:/tmp/RackMultipart20100416-14445-k0qtx0-0>}

NoMethodError (You have a nil object when you didn't expect it!
You might have expected an instance of Array.
The error occurred while evaluating nil.join):
  app/controllers/activation_controller.rb:41:in `generate'
  /usr/lib/ruby/1.8/webrick/httpserver.rb:104:in `service'
  /usr/lib/ruby/1.8/webrick/httpserver.rb:65:in `run'
  /usr/lib/ruby/1.8/webrick/server.rb:173:in `start_thread'
  /usr/lib/ruby/1.8/webrick/server.rb:162:in `start'
  /usr/lib/ruby/1.8/webrick/server.rb:162:in `start_thread'
  /usr/lib/ruby/1.8/webrick/server.rb:95:in `start'
  /usr/lib/ruby/1.8/webrick/server.rb:92:in `each'
  /usr/lib/ruby/1.8/webrick/server.rb:92:in `start'
  /usr/lib/ruby/1.8/webrick/server.rb:23:in `start'
  /usr/lib/ruby/1.8/webrick/server.rb:82:in `start'

Rendered rescues/_trace (78.5ms)
Rendered rescues/_request_and_response (1.1ms)
Rendering rescues/layout (internal_server_error)
  [4;35;1mSQL (0.2ms)[0m   [0mSET SQL_AUTO_IS_NULL=0[0m


Processing ActivationController#generate (for 127.0.0.1 at 2010-04-16 15:13:46) [POST]
  Parameters: {"duration"=>"", "commit"=>"Generate", "method"=>"Leases", "authenticity_token"=>"4ZZkLlZnYcjuRaatawINa5svyl1vtGhwn4yxC94xJfc=", "file"=>#<File:/tmp/RackMultipart20100416-14445-1h9rnog-0>}

NoMethodError (You have a nil object when you didn't expect it!
You might have expected an instance of Array.
The error occurred while evaluating nil.join):
  app/controllers/activation_controller.rb:41:in `generate'
  /usr/lib/ruby/1.8/webrick/httpserver.rb:104:in `service'
  /usr/lib/ruby/1.8/webrick/httpserver.rb:65:in `run'
  /usr/lib/ruby/1.8/webrick/server.rb:173:in `start_thread'
  /usr/lib/ruby/1.8/webrick/server.rb:162:in `start'
  /usr/lib/ruby/1.8/webrick/server.rb:162:in `start_thread'
  /usr/lib/ruby/1.8/webrick/server.rb:95:in `start'
  /usr/lib/ruby/1.8/webrick/server.rb:92:in `each'
  /usr/lib/ruby/1.8/webrick/server.rb:92:in `start'
  /usr/lib/ruby/1.8/webrick/server.rb:23:in `start'
  /usr/lib/ruby/1.8/webrick/server.rb:82:in `start'

Rendered rescues/_trace (31.7ms)
Rendered rescues/_request_and_response (0.6ms)
Rendering rescues/layout (internal_server_error)
  [4;36;1mSQL (0.2ms)[0m   [0;1mSET SQL_AUTO_IS_NULL=0[0m


Processing ActivationController#generate (for 127.0.0.1 at 2010-04-16 15:15:52) [POST]
  Parameters: {"duration"=>"", "commit"=>"Generate", "method"=>"Leases", "authenticity_token"=>"4ZZkLlZnYcjuRaatawINa5svyl1vtGhwn4yxC94xJfc=", "file"=>#<File:/tmp/RackMultipart20100416-14445-1fndcfy-0>}

NoMethodError (You have a nil object when you didn't expect it!
You might have expected an instance of Array.
The error occurred while evaluating nil.join):
  app/controllers/activation_controller.rb:42:in `generate'
  /usr/lib/ruby/1.8/webrick/httpserver.rb:104:in `service'
  /usr/lib/ruby/1.8/webrick/httpserver.rb:65:in `run'
  /usr/lib/ruby/1.8/webrick/server.rb:173:in `start_thread'
  /usr/lib/ruby/1.8/webrick/server.rb:162:in `start'
  /usr/lib/ruby/1.8/webrick/server.rb:162:in `start_thread'
  /usr/lib/ruby/1.8/webrick/server.rb:95:in `start'
  /usr/lib/ruby/1.8/webrick/server.rb:92:in `each'
  /usr/lib/ruby/1.8/webrick/server.rb:92:in `start'
  /usr/lib/ruby/1.8/webrick/server.rb:23:in `start'
  /usr/lib/ruby/1.8/webrick/server.rb:82:in `start'

Rendered rescues/_trace (30.2ms)
Rendered rescues/_request_and_response (0.5ms)
Rendering rescues/layout (internal_server_error)
  [4;35;1mSQL (0.2ms)[0m   [0mSET SQL_AUTO_IS_NULL=0[0m


Processing ActivationController#generate (for 127.0.0.1 at 2010-04-16 15:17:56) [POST]
  Parameters: {"duration"=>"", "commit"=>"Generate", "method"=>"Leases", "authenticity_token"=>"4ZZkLlZnYcjuRaatawINa5svyl1vtGhwn4yxC94xJfc=", "file"=>#<File:/tmp/RackMultipart20100416-14445-1mtfov7-0>}
Completed in 7ms (View: 1, DB: 0) | 200 OK [http://localhost/activation/generate]
  [4;36;1mSQL (0.2ms)[0m   [0;1mSET SQL_AUTO_IS_NULL=0[0m


Processing ActivationController#generate (for 127.0.0.1 at 2010-04-16 15:18:52) [POST]
  Parameters: {"duration"=>"", "commit"=>"Generate", "method"=>"Leases", "authenticity_token"=>"4ZZkLlZnYcjuRaatawINa5svyl1vtGhwn4yxC94xJfc=", "file"=>#<File:/tmp/RackMultipart20100416-14445-681oiy-0>}

NoMethodError (You have a nil object when you didn't expect it!
You might have expected an instance of Array.
The error occurred while evaluating nil.join):
  app/controllers/activation_controller.rb:42:in `generate'
  /usr/lib/ruby/1.8/webrick/httpserver.rb:104:in `service'
  /usr/lib/ruby/1.8/webrick/httpserver.rb:65:in `run'
  /usr/lib/ruby/1.8/webrick/server.rb:173:in `start_thread'
  /usr/lib/ruby/1.8/webrick/server.rb:162:in `start'
  /usr/lib/ruby/1.8/webrick/server.rb:162:in `start_thread'
  /usr/lib/ruby/1.8/webrick/server.rb:95:in `start'
  /usr/lib/ruby/1.8/webrick/server.rb:92:in `each'
  /usr/lib/ruby/1.8/webrick/server.rb:92:in `start'
  /usr/lib/ruby/1.8/webrick/server.rb:23:in `start'
  /usr/lib/ruby/1.8/webrick/server.rb:82:in `start'

Rendered rescues/_trace (134.3ms)
Rendered rescues/_request_and_response (0.5ms)
Rendering rescues/layout (internal_server_error)
  [4;35;1mSQL (0.2ms)[0m   [0mSET SQL_AUTO_IS_NULL=0[0m


Processing ActivationController#new (for 127.0.0.1 at 2010-04-16 15:21:55) [GET]
Rendering app/views/activation/new.html.erb
Completed in 51ms (View: 45, DB: 0) | 200 OK [http://localhost/activation/new]
  [4;36;1mSQL (0.2ms)[0m   [0;1mSET SQL_AUTO_IS_NULL=0[0m


Processing ActivationController#generate (for 127.0.0.1 at 2010-04-16 15:22:07) [POST]
  Parameters: {"duration"=>"", "commit"=>"Generate", "method"=>"Leases", "authenticity_token"=>"4ZZkLlZnYcjuRaatawINa5svyl1vtGhwn4yxC94xJfc=", "file"=>#<File:/tmp/RackMultipart20100416-14445-1ebysji-0>}
Completed in 7ms (View: 1, DB: 0) | 200 OK [http://localhost/activation/generate]
  [4;35;1mSQL (0.1ms)[0m   [0mSET SQL_AUTO_IS_NULL=0[0m


Processing ActivationController#generate (for 127.0.0.1 at 2010-04-16 15:23:32) [POST]
  Parameters: {"duration"=>"", "commit"=>"Generate", "method"=>"Keys", "authenticity_token"=>"4ZZkLlZnYcjuRaatawINa5svyl1vtGhwn4yxC94xJfc=", "file"=>#<File:/tmp/RackMultipart20100416-14445-z5l2vy-0>}
Completed in 168ms (View: 1, DB: 0) | 200 OK [http://localhost/activation/generate]
  [4;36;1mSQL (0.2ms)[0m   [0;1mSET SQL_AUTO_IS_NULL=0[0m


Processing ActivationController#generate (for 127.0.0.1 at 2010-04-16 15:23:36) [POST]
  Parameters: {"duration"=>"", "commit"=>"Generate", "method"=>"Leases", "authenticity_token"=>"4ZZkLlZnYcjuRaatawINa5svyl1vtGhwn4yxC94xJfc=", "file"=>#<File:/tmp/RackMultipart20100416-14445-irjdyq-0>}
Completed in 7ms (View: 1, DB: 0) | 200 OK [http://localhost/activation/generate]
  [4;35;1mSQL (0.2ms)[0m   [0mSET SQL_AUTO_IS_NULL=0[0m


Processing ActivationController#generate (for 127.0.0.1 at 2010-04-16 15:23:39) [POST]
  Parameters: {"duration"=>"sdsdsds", "commit"=>"Generate", "method"=>"Leases", "authenticity_token"=>"4ZZkLlZnYcjuRaatawINa5svyl1vtGhwn4yxC94xJfc=", "file"=>#<File:/tmp/RackMultipart20100416-14445-q2bvja-0>}
Completed in 7ms (View: 1, DB: 0) | 200 OK [http://localhost/activation/generate]
  [4;36;1mSQL (0.2ms)[0m   [0;1mSET SQL_AUTO_IS_NULL=0[0m


Processing ActivationController#generate (for 127.0.0.1 at 2010-04-16 15:23:41) [POST]
  Parameters: {"duration"=>"23424", "commit"=>"Generate", "method"=>"Leases", "authenticity_token"=>"4ZZkLlZnYcjuRaatawINa5svyl1vtGhwn4yxC94xJfc=", "file"=>#<File:/tmp/RackMultipart20100416-14445-1jno42m-0>}
Completed in 115ms (View: 1, DB: 0) | 200 OK [http://localhost/activation/generate]
  [4;35;1mSQL (0.2ms)[0m   [0mSET SQL_AUTO_IS_NULL=0[0m


Processing ActivationController#generate (for 127.0.0.1 at 2010-04-16 15:25:13) [POST]
  Parameters: {"duration"=>"234234", "commit"=>"Generate", "method"=>"Keys", "authenticity_token"=>"4ZZkLlZnYcjuRaatawINa5svyl1vtGhwn4yxC94xJfc=", "file"=>#<File:/tmp/RackMultipart20100416-14445-1nxho38-0>}
Completed in 195ms (View: 1, DB: 0) | 200 OK [http://localhost/activation/generate]
  [4;36;1mSQL (0.1ms)[0m   [0;1mSET SQL_AUTO_IS_NULL=0[0m


Processing ActivationController#generate (for 127.0.0.1 at 2010-04-16 15:25:19) [POST]
  Parameters: {"duration"=>"234234", "commit"=>"Generate", "method"=>"Leases", "authenticity_token"=>"4ZZkLlZnYcjuRaatawINa5svyl1vtGhwn4yxC94xJfc=", "file"=>#<File:/tmp/RackMultipart20100416-14445-8s1k6d-0>}
Completed in 165ms (View: 1, DB: 0) | 200 OK [http://localhost/activation/generate]
  [4;35;1mSQL (0.2ms)[0m   [0mSET SQL_AUTO_IS_NULL=0[0m


Processing ActivationController#generate (for 127.0.0.1 at 2010-04-16 15:27:15) [POST]
  Parameters: {"duration"=>"2342345tyyyrty", "commit"=>"Generate", "method"=>"Leases", "authenticity_token"=>"4ZZkLlZnYcjuRaatawINa5svyl1vtGhwn4yxC94xJfc=", "file"=>#<File:/tmp/RackMultipart20100416-14445-12k0vzh-0>}
Completed in 82ms (View: 1, DB: 0) | 200 OK [http://localhost/activation/generate]
  [4;36;1mSQL (0.1ms)[0m   [0;1mSET SQL_AUTO_IS_NULL=0[0m


Processing ActivationController#generate (for 127.0.0.1 at 2010-04-16 15:27:22) [POST]
  Parameters: {"duration"=>"wewee233d", "commit"=>"Generate", "method"=>"Leases", "authenticity_token"=>"4ZZkLlZnYcjuRaatawINa5svyl1vtGhwn4yxC94xJfc=", "file"=>#<File:/tmp/RackMultipart20100416-14445-4jhdam-0>}
Completed in 7ms (View: 1, DB: 0) | 200 OK [http://localhost/activation/generate]
  [4;35;1mSQL (0.2ms)[0m   [0mSET SQL_AUTO_IS_NULL=0[0m


Processing ActivationController#generate (for 127.0.0.1 at 2010-04-16 15:27:27) [POST]
  Parameters: {"duration"=>"234234dsdsda", "commit"=>"Generate", "method"=>"Leases", "authenticity_token"=>"4ZZkLlZnYcjuRaatawINa5svyl1vtGhwn4yxC94xJfc=", "file"=>#<File:/tmp/RackMultipart20100416-14445-1qu50j2-0>}
Completed in 76ms (View: 1, DB: 0) | 200 OK [http://localhost/activation/generate]
  [4;36;1mSQL (0.2ms)[0m   [0;1mSET SQL_AUTO_IS_NULL=0[0m


Processing ActivationController#generate (for 127.0.0.1 at 2010-04-16 15:33:52) [POST]
  Parameters: {"duration"=>"weqweqe", "commit"=>"Generate", "method"=>"Leases", "authenticity_token"=>"4ZZkLlZnYcjuRaatawINa5svyl1vtGhwn4yxC94xJfc=", "file"=>#<File:/tmp/RackMultipart20100416-14445-12uu76c-0>}
Completed in 7ms (View: 1, DB: 0) | 200 OK [http://localhost/activation/generate]
  [4;35;1mSQL (0.2ms)[0m   [0mSET SQL_AUTO_IS_NULL=0[0m


Processing ActivationController#generate (for 127.0.0.1 at 2010-04-16 15:40:27) [POST]
  Parameters: {"duration"=>"23342", "commit"=>"Generate", "method"=>"Leases", "authenticity_token"=>"4ZZkLlZnYcjuRaatawINa5svyl1vtGhwn4yxC94xJfc=", "file"=>#<File:/tmp/RackMultipart20100416-14445-y7uevv-0>}
Completed in 74ms (View: 1, DB: 0) | 200 OK [http://localhost/activation/generate]
  [4;36;1mSQL (0.1ms)[0m   [0;1mSET SQL_AUTO_IS_NULL=0[0m


Processing ActivationController#new (for 127.0.0.1 at 2010-04-16 15:41:34) [GET]
Rendering app/views/activation/new.html.erb
Completed in 24ms (View: 22, DB: 0) | 200 OK [http://localhost/activation/new]
  [4;35;1mSQL (0.2ms)[0m   [0mSET SQL_AUTO_IS_NULL=0[0m


Processing ActivationController#generate (for 127.0.0.1 at 2010-04-16 15:41:43) [POST]
  Parameters: {"duration"=>"", "commit"=>"Generate", "method"=>"Leases", "authenticity_token"=>"4ZZkLlZnYcjuRaatawINa5svyl1vtGhwn4yxC94xJfc=", "file"=>#<File:/tmp/RackMultipart20100416-15376-15eysm8-0>}
Completed in 7ms (View: 1, DB: 0) | 200 OK [http://localhost/activation/generate]
  [4;36;1mSQL (0.2ms)[0m   [0;1mSET SQL_AUTO_IS_NULL=0[0m


Processing ActivationController#generate (for 127.0.0.1 at 2010-04-16 15:41:46) [POST]
  Parameters: {"duration"=>"sdadas", "commit"=>"Generate", "method"=>"Leases", "authenticity_token"=>"4ZZkLlZnYcjuRaatawINa5svyl1vtGhwn4yxC94xJfc=", "file"=>#<File:/tmp/RackMultipart20100416-15376-1l7jf8x-0>}
Completed in 10ms (View: 4, DB: 0) | 200 OK [http://localhost/activation/generate]
  [4;35;1mSQL (0.2ms)[0m   [0mSET SQL_AUTO_IS_NULL=0[0m


Processing ActivationController#generate (for 127.0.0.1 at 2010-04-16 15:41:49) [POST]
  Parameters: {"duration"=>"34324", "commit"=>"Generate", "method"=>"Leases", "authenticity_token"=>"4ZZkLlZnYcjuRaatawINa5svyl1vtGhwn4yxC94xJfc=", "file"=>#<File:/tmp/RackMultipart20100416-15376-5ku7fm-0>}
Completed in 79ms (View: 1, DB: 0) | 200 OK [http://localhost/activation/generate]
  [4;36;1mSQL (0.2ms)[0m   [0;1mSET SQL_AUTO_IS_NULL=0[0m


Processing ActivationController#generate (for 127.0.0.1 at 2010-04-16 15:41:53) [POST]
  Parameters: {"duration"=>"34324", "commit"=>"Generate", "method"=>"Leases", "authenticity_token"=>"4ZZkLlZnYcjuRaatawINa5svyl1vtGhwn4yxC94xJfc=", "file"=>#<File:/tmp/RackMultipart20100416-15376-46bupd-0>}
Completed in 270ms (View: 1, DB: 0) | 200 OK [http://localhost/activation/generate]
  [4;35;1mSQL (0.2ms)[0m   [0mSET SQL_AUTO_IS_NULL=0[0m


Processing ActivationController#generate (for 127.0.0.1 at 2010-04-16 15:41:56) [POST]
  Parameters: {"duration"=>"34324", "commit"=>"Generate", "method"=>"Leases", "authenticity_token"=>"4ZZkLlZnYcjuRaatawINa5svyl1vtGhwn4yxC94xJfc=", "file"=>#<File:/tmp/RackMultipart20100416-15376-1bkn8qb-0>}
Completed in 81ms (View: 1, DB: 0) | 200 OK [http://localhost/activation/generate]
  [4;36;1mSQL (0.2ms)[0m   [0;1mSET SQL_AUTO_IS_NULL=0[0m


Processing ActivationController#generate (for 127.0.0.1 at 2010-04-16 15:42:12) [POST]
  Parameters: {"duration"=>"34324", "commit"=>"Generate", "method"=>"Leases", "authenticity_token"=>"4ZZkLlZnYcjuRaatawINa5svyl1vtGhwn4yxC94xJfc=", "file"=>#<File:/tmp/RackMultipart20100416-15376-j0cdz3-0>}
Completed in 57ms (View: 1, DB: 0) | 200 OK [http://localhost/activation/generate]
  [4;35;1mSQL (0.2ms)[0m   [0mSET SQL_AUTO_IS_NULL=0[0m


Processing ActivationController#generate (for 127.0.0.1 at 2010-04-16 15:42:15) [POST]
  Parameters: {"duration"=>"34324", "commit"=>"Generate", "method"=>"Keys", "authenticity_token"=>"4ZZkLlZnYcjuRaatawINa5svyl1vtGhwn4yxC94xJfc=", "file"=>#<File:/tmp/RackMultipart20100416-15376-1pdk3qb-0>}
Completed in 198ms (View: 1, DB: 0) | 200 OK [http://localhost/activation/generate]
  [4;36;1mSQL (0.2ms)[0m   [0;1mSET SQL_AUTO_IS_NULL=0[0m


Processing ActivationController#generate (for 127.0.0.1 at 2010-04-16 15:45:22) [POST]
  Parameters: {"duration"=>"34324", "commit"=>"Generate", "method"=>"Keys", "authenticity_token"=>"4ZZkLlZnYcjuRaatawINa5svyl1vtGhwn4yxC94xJfc=", "file"=>#<File:/tmp/RackMultipart20100416-15376-1e9py6-0>}
Rendering #<File:0x7f3c77461328>

NoMethodError (private method `sub' called for #<File:/tmp/RackMultipart20100416-15376-1e9py6-0>):
  app/controllers/activation_controller.rb:28:in `generate'
  /usr/lib/ruby/1.8/webrick/httpserver.rb:104:in `service'
  /usr/lib/ruby/1.8/webrick/httpserver.rb:65:in `run'
  /usr/lib/ruby/1.8/webrick/server.rb:173:in `start_thread'
  /usr/lib/ruby/1.8/webrick/server.rb:162:in `start'
  /usr/lib/ruby/1.8/webrick/server.rb:162:in `start_thread'
  /usr/lib/ruby/1.8/webrick/server.rb:95:in `start'
  /usr/lib/ruby/1.8/webrick/server.rb:92:in `each'
  /usr/lib/ruby/1.8/webrick/server.rb:92:in `start'
  /usr/lib/ruby/1.8/webrick/server.rb:23:in `start'
  /usr/lib/ruby/1.8/webrick/server.rb:82:in `start'

Rendered rescues/_trace (36.1ms)
Rendered rescues/_request_and_response (1.5ms)
Rendering rescues/layout (internal_server_error)
  [4;35;1mSQL (0.2ms)[0m   [0mSET SQL_AUTO_IS_NULL=0[0m


Processing ActivationController#generate (for 127.0.0.1 at 2010-04-16 15:48:31) [POST]
  Parameters: {"duration"=>"34324", "commit"=>"Generate", "method"=>"Keys", "authenticity_token"=>"4ZZkLlZnYcjuRaatawINa5svyl1vtGhwn4yxC94xJfc=", "file"=>#<File:/tmp/RackMultipart20100416-15376-1hbljxh-0>}
Completed in 113ms (View: 1, DB: 0) | 200 OK [http://localhost/activation/generate]
  [4;36;1mSQL (0.3ms)[0m   [0;1mSET SQL_AUTO_IS_NULL=0[0m


Processing ActivationController#new (for 127.0.0.1 at 2010-04-16 16:30:13) [GET]
Rendering app/views/activation/new.html.erb
Completed in 21ms (View: 19, DB: 0) | 200 OK [http://localhost/activation/new]
  [4;35;1mSQL (0.2ms)[0m   [0mSET SQL_AUTO_IS_NULL=0[0m


Processing ActivationController#new (for 127.0.0.1 at 2010-04-16 16:30:15) [GET]
Rendering app/views/activation/new.html.erb
Completed in 16ms (View: 11, DB: 0) | 200 OK [http://localhost/activation/new]
  [4;36;1mSQL (0.2ms)[0m   [0;1mSET SQL_AUTO_IS_NULL=0[0m


Processing ActivationController#generate (for 127.0.0.1 at 2010-04-16 16:30:25) [POST]
  Parameters: {"duration"=>"234234", "commit"=>"Generate", "method"=>"Keys", "authenticity_token"=>"4ZZkLlZnYcjuRaatawINa5svyl1vtGhwn4yxC94xJfc=", "file"=>#<File:/tmp/RackMultipart20100416-16176-rx13yq-0>}
Completed in 198ms (View: 1, DB: 0) | 200 OK [http://localhost/activation/generate]
Streaming file /tmp/activations20100416-16176-174sprl-0
  [4;35;1mSQL (0.2ms)[0m   [0mSET SQL_AUTO_IS_NULL=0[0m


Processing ActivationController#generate (for 127.0.0.1 at 2010-04-16 16:37:25) [POST]
  Parameters: {"duration"=>"234234", "commit"=>"Generate", "method"=>"Keys", "authenticity_token"=>"4ZZkLlZnYcjuRaatawINa5svyl1vtGhwn4yxC94xJfc=", "file"=>#<File:/tmp/RackMultipart20100416-16176-1gga3gi-0>}
Completed in 57ms (View: 1, DB: 0) | 200 OK [http://localhost/activation/generate]
Streaming file /tmp/activations20100416-16176-1iexm1j-0
  [4;36;1mSQL (0.1ms)[0m   [0;1mSET SQL_AUTO_IS_NULL=0[0m


Processing ActivationController#generate (for 127.0.0.1 at 2010-04-16 16:38:53) [POST]
  Parameters: {"duration"=>"234234", "commit"=>"Generate", "method"=>"Leases", "authenticity_token"=>"4ZZkLlZnYcjuRaatawINa5svyl1vtGhwn4yxC94xJfc=", "file"=>#<File:/tmp/RackMultipart20100416-16176-1s2fg1l-0>}
Completed in 97ms (View: 0, DB: 0) | 200 OK [http://localhost/activation/generate]
Streaming file /tmp/activations20100416-16176-1pfwl3q-0
  [4;35;1mSQL (0.2ms)[0m   [0mSET SQL_AUTO_IS_NULL=0[0m


Processing ActivationController#generate (for 127.0.0.1 at 2010-04-16 16:39:58) [POST]
  Parameters: {"duration"=>"234234", "commit"=>"Generate", "method"=>"Leases", "authenticity_token"=>"4ZZkLlZnYcjuRaatawINa5svyl1vtGhwn4yxC94xJfc=", "file"=>#<File:/tmp/RackMultipart20100416-16176-5ueu53-0>}
Completed in 151ms (View: 1, DB: 0) | 200 OK [http://localhost/activation/generate]
Streaming file /tmp/activations20100416-16176-1np63t7-0
  [4;36;1mSQL (0.2ms)[0m   [0;1mSET SQL_AUTO_IS_NULL=0[0m


Processing ActivationController#new (for 127.0.0.1 at 2010-04-16 16:52:49) [GET]
Rendering app/views/activation/new.html.erb
Completed in 19ms (View: 14, DB: 0) | 200 OK [http://localhost/activation/new]
  [4;35;1mSQL (0.2ms)[0m   [0mSET SQL_AUTO_IS_NULL=0[0m


Processing ActivationController#generate (for 127.0.0.1 at 2010-04-16 16:52:57) [POST]
  Parameters: {"duration"=>"", "commit"=>"Generate", "method"=>"Keys", "authenticity_token"=>"4ZZkLlZnYcjuRaatawINa5svyl1vtGhwn4yxC94xJfc=", "file"=>#<File:/tmp/RackMultipart20100416-16176-15i9iy5-0>}

ArgumentError (wrong number of arguments (0 for 1)):
  app/controllers/activation_controller.rb:55:in `method'
  app/controllers/activation_controller.rb:55:in `dispatch_activations'
  app/controllers/activation_controller.rb:42:in `generate'
  /usr/lib/ruby/1.8/webrick/httpserver.rb:104:in `service'
  /usr/lib/ruby/1.8/webrick/httpserver.rb:65:in `run'
  /usr/lib/ruby/1.8/webrick/server.rb:173:in `start_thread'
  /usr/lib/ruby/1.8/webrick/server.rb:162:in `start'
  /usr/lib/ruby/1.8/webrick/server.rb:162:in `start_thread'
  /usr/lib/ruby/1.8/webrick/server.rb:95:in `start'
  /usr/lib/ruby/1.8/webrick/server.rb:92:in `each'
  /usr/lib/ruby/1.8/webrick/server.rb:92:in `start'
  /usr/lib/ruby/1.8/webrick/server.rb:23:in `start'
  /usr/lib/ruby/1.8/webrick/server.rb:82:in `start'

Rendered rescues/_trace (90.5ms)
Rendered rescues/_request_and_response (3.6ms)
Rendering rescues/layout (internal_server_error)
  [4;36;1mSQL (0.2ms)[0m   [0;1mSET SQL_AUTO_IS_NULL=0[0m


Processing ActivationController#generate (for 127.0.0.1 at 2010-04-16 16:56:35) [POST]
  Parameters: {"duration"=>"", "commit"=>"Generate", "method"=>"Keys", "authenticity_token"=>"4ZZkLlZnYcjuRaatawINa5svyl1vtGhwn4yxC94xJfc=", "file"=>#<File:/tmp/RackMultipart20100416-16176-s9vcaf-0>}

ArgumentError (wrong number of arguments (0 for 1)):
  app/controllers/activation_controller.rb:54:in `method'
  app/controllers/activation_controller.rb:54:in `dispatch_activations'
  app/controllers/activation_controller.rb:40:in `generate'
  /usr/lib/ruby/1.8/webrick/httpserver.rb:104:in `service'
  /usr/lib/ruby/1.8/webrick/httpserver.rb:65:in `run'
  /usr/lib/ruby/1.8/webrick/server.rb:173:in `start_thread'
  /usr/lib/ruby/1.8/webrick/server.rb:162:in `start'
  /usr/lib/ruby/1.8/webrick/server.rb:162:in `start_thread'
  /usr/lib/ruby/1.8/webrick/server.rb:95:in `start'
  /usr/lib/ruby/1.8/webrick/server.rb:92:in `each'
  /usr/lib/ruby/1.8/webrick/server.rb:92:in `start'
  /usr/lib/ruby/1.8/webrick/server.rb:23:in `start'
  /usr/lib/ruby/1.8/webrick/server.rb:82:in `start'

Rendered rescues/_trace (35.0ms)
Rendered rescues/_request_and_response (0.6ms)
Rendering rescues/layout (internal_server_error)
  [4;35;1mSQL (0.2ms)[0m   [0mSET SQL_AUTO_IS_NULL=0[0m


Processing ActivationController#generate (for 127.0.0.1 at 2010-04-16 16:57:54) [POST]
  Parameters: {"duration"=>"", "commit"=>"Generate", "method"=>"Keys", "authenticity_token"=>"4ZZkLlZnYcjuRaatawINa5svyl1vtGhwn4yxC94xJfc=", "file"=>#<File:/tmp/RackMultipart20100416-16176-1qqqb71-0>}
Completed in 201ms (View: 1, DB: 0) | 200 OK [http://localhost/activation/generate]
Streaming file /tmp/activations20100416-16176-1gg3iiw-0
  [4;36;1mSQL (0.2ms)[0m   [0;1mSET SQL_AUTO_IS_NULL=0[0m


Processing ActivationController#generate (for 127.0.0.1 at 2010-04-16 16:58:23) [POST]
  Parameters: {"duration"=>"", "commit"=>"Generate", "method"=>"Keys", "authenticity_token"=>"4ZZkLlZnYcjuRaatawINa5svyl1vtGhwn4yxC94xJfc=", "file"=>#<File:/tmp/RackMultipart20100416-16176-19w1bqi-0>}

ArgumentError (wrong number of arguments (0 for 1)):
  app/controllers/activation_controller.rb:54:in `method'
  app/controllers/activation_controller.rb:54:in `dispatch_activations'
  app/controllers/activation_controller.rb:40:in `generate'
  /usr/lib/ruby/1.8/webrick/httpserver.rb:104:in `service'
  /usr/lib/ruby/1.8/webrick/httpserver.rb:65:in `run'
  /usr/lib/ruby/1.8/webrick/server.rb:173:in `start_thread'
  /usr/lib/ruby/1.8/webrick/server.rb:162:in `start'
  /usr/lib/ruby/1.8/webrick/server.rb:162:in `start_thread'
  /usr/lib/ruby/1.8/webrick/server.rb:95:in `start'
  /usr/lib/ruby/1.8/webrick/server.rb:92:in `each'
  /usr/lib/ruby/1.8/webrick/server.rb:92:in `start'
  /usr/lib/ruby/1.8/webrick/server.rb:23:in `start'
  /usr/lib/ruby/1.8/webrick/server.rb:82:in `start'

Rendered rescues/_trace (92.7ms)
Rendered rescues/_request_and_response (1.1ms)
Rendering rescues/layout (internal_server_error)
  [4;35;1mSQL (0.2ms)[0m   [0mSET SQL_AUTO_IS_NULL=0[0m


Processing ActivationController#generate (for 127.0.0.1 at 2010-04-16 16:58:42) [POST]
  Parameters: {"duration"=>"", "commit"=>"Generate", "method"=>"Keys", "authenticity_token"=>"4ZZkLlZnYcjuRaatawINa5svyl1vtGhwn4yxC94xJfc=", "file"=>#<File:/tmp/RackMultipart20100416-16176-1geezcs-0>}

ArgumentError (wrong number of arguments (0 for 1)):
  app/controllers/activation_controller.rb:54:in `method'
  app/controllers/activation_controller.rb:54:in `send_activations'
  app/controllers/activation_controller.rb:40:in `generate'
  /usr/lib/ruby/1.8/webrick/httpserver.rb:104:in `service'
  /usr/lib/ruby/1.8/webrick/httpserver.rb:65:in `run'
  /usr/lib/ruby/1.8/webrick/server.rb:173:in `start_thread'
  /usr/lib/ruby/1.8/webrick/server.rb:162:in `start'
  /usr/lib/ruby/1.8/webrick/server.rb:162:in `start_thread'
  /usr/lib/ruby/1.8/webrick/server.rb:95:in `start'
  /usr/lib/ruby/1.8/webrick/server.rb:92:in `each'
  /usr/lib/ruby/1.8/webrick/server.rb:92:in `start'
  /usr/lib/ruby/1.8/webrick/server.rb:23:in `start'
  /usr/lib/ruby/1.8/webrick/server.rb:82:in `start'

Rendered rescues/_trace (32.5ms)
Rendered rescues/_request_and_response (0.4ms)
Rendering rescues/layout (internal_server_error)
  [4;36;1mSQL (0.2ms)[0m   [0;1mSET SQL_AUTO_IS_NULL=0[0m


Processing ActivationController#generate (for 127.0.0.1 at 2010-04-16 17:00:31) [POST]
  Parameters: {"duration"=>"", "commit"=>"Generate", "method"=>"Leases", "authenticity_token"=>"4ZZkLlZnYcjuRaatawINa5svyl1vtGhwn4yxC94xJfc=", "file"=>#<File:/tmp/RackMultipart20100416-16176-j0y5rb-0>}
Completed in 18ms (View: 2, DB: 0) | 200 OK [http://localhost/activation/generate]
  [4;35;1mSQL (0.2ms)[0m   [0mSET SQL_AUTO_IS_NULL=0[0m


Processing ActivationController#generate (for 127.0.0.1 at 2010-04-16 17:01:56) [POST]
  Parameters: {"duration"=>"weqeqw", "commit"=>"Generate", "method"=>"Leases", "authenticity_token"=>"4ZZkLlZnYcjuRaatawINa5svyl1vtGhwn4yxC94xJfc=", "file"=>#<File:/tmp/RackMultipart20100416-16176-yp7ci8-0>}
Completed in 17ms (View: 2, DB: 0) | 200 OK [http://localhost/activation/generate]
  [4;36;1mSQL (0.2ms)[0m   [0;1mSET SQL_AUTO_IS_NULL=0[0m


Processing ActivationController#generate (for 127.0.0.1 at 2010-04-16 17:02:01) [POST]
  Parameters: {"duration"=>"", "commit"=>"Generate", "method"=>"Keys", "authenticity_token"=>"4ZZkLlZnYcjuRaatawINa5svyl1vtGhwn4yxC94xJfc=", "file"=>#<File:/tmp/RackMultipart20100416-16176-1ifpbsj-0>}
Completed in 81ms (View: 1, DB: 0) | 200 OK [http://localhost/activation/generate]
Streaming file /tmp/activations20100416-16176-1xffqhc-0
  [4;35;1mSQL (0.2ms)[0m   [0mSET SQL_AUTO_IS_NULL=0[0m


Processing ActivationController#generate (for 127.0.0.1 at 2010-04-16 17:23:40) [POST]
  Parameters: {"duration"=>"3434", "commit"=>"Generate", "method"=>"Keys", "authenticity_token"=>"4ZZkLlZnYcjuRaatawINa5svyl1vtGhwn4yxC94xJfc=", "file"=>#<File:/tmp/RackMultipart20100416-16176-178qkdv-0>}
Completed in 79ms (View: 1, DB: 0) | 200 OK [http://localhost/activation/generate]
Streaming file /tmp/activations20100416-16176-70rssb-0
  [4;36;1mSQL (0.2ms)[0m   [0;1mSET SQL_AUTO_IS_NULL=0[0m


Processing ActivationController#generate (for 127.0.0.1 at 2010-04-16 17:23:52) [POST]
  Parameters: {"duration"=>"3434", "commit"=>"Generate", "method"=>"Keys", "authenticity_token"=>"4ZZkLlZnYcjuRaatawINa5svyl1vtGhwn4yxC94xJfc=", "file"=>#<File:/tmp/RackMultipart20100416-16176-lrj67f-0>}
Completed in 76ms (View: 0, DB: 0) | 200 OK [http://localhost/activation/generate]
Streaming file /tmp/activations20100416-16176-dagfwh-0
  [4;35;1mSQL (0.2ms)[0m   [0mSET SQL_AUTO_IS_NULL=0[0m


Processing ActivationController#generate (for 127.0.0.1 at 2010-04-16 17:25:50) [POST]
  Parameters: {"duration"=>"3434", "commit"=>"Generate", "method"=>"Keys", "authenticity_token"=>"4ZZkLlZnYcjuRaatawINa5svyl1vtGhwn4yxC94xJfc=", "file"=>#<File:/tmp/RackMultipart20100416-16176-1qr23e6-0>}
Completed in 96ms (View: 1, DB: 0) | 200 OK [http://localhost/activation/generate]
Streaming file /tmp/activations20100416-16176-80q6yh-0
  [4;36;1mSQL (0.2ms)[0m   [0;1mSET SQL_AUTO_IS_NULL=0[0m


Processing ActivationController#generate (for 127.0.0.1 at 2010-04-16 17:25:54) [POST]
  Parameters: {"duration"=>"3434", "commit"=>"Generate", "method"=>"Leases", "authenticity_token"=>"4ZZkLlZnYcjuRaatawINa5svyl1vtGhwn4yxC94xJfc=", "file"=>#<File:/tmp/RackMultipart20100416-16176-1vijjxg-0>}
Completed in 61ms (View: 1, DB: 0) | 200 OK [http://localhost/activation/generate]
Streaming file /tmp/activations20100416-16176-1jocymh-0
